[ 2016-12-15T08:05:12+08:00 ] 127.0.0.1 /FS/index.php/index.html
INFO: [ app_init ] --START--
INFO: Run Behavior\BuildLiteBehavior [ RunTime:0.000014s ]
INFO: [ app_init ] --END-- [ RunTime:0.000357s ]
ERR: 无法加载模块:Index

[ 2016-12-15T16:33:28+08:00 ] 127.0.0.1 /FS/index.php/teacher/studentinfo/id/2016011101.html
INFO: [ app_init ] --START--
INFO: Run Behavior\BuildLiteBehavior [ RunTime:0.000019s ]
INFO: [ app_init ] --END-- [ RunTime:0.000421s ]
ERR: 无法加载模块:Teacher

[ 2016-12-15T16:33:51+08:00 ] 127.0.0.1 /FS/index.php/studentinfo/id/2016011101.html
INFO: [ app_init ] --START--
INFO: Run Behavior\BuildLiteBehavior [ RunTime:0.000016s ]
INFO: [ app_init ] --END-- [ RunTime:0.000387s ]
ERR: 无法加载模块:Studentinfo

[ 2016-12-15T16:34:06+08:00 ] 127.0.0.1 /FS/index.php/studentinfo/id/2016011101.html
INFO: [ app_init ] --START--
INFO: Run Behavior\BuildLiteBehavior [ RunTime:0.000023s ]
INFO: [ app_init ] --END-- [ RunTime:0.000509s ]
ERR: 无法加载模块:Studentinfo

