[ 2016-12-04T20:48:35+08:00 ] 127.0.0.1 /FS/index.php/Admin/a/login
INFO: [ app_init ] --START--
INFO: Run Behavior\BuildLiteBehavior [ RunTime:0.000017s ]
INFO: [ app_init ] --END-- [ RunTime:0.000426s ]
INFO: [ app_begin ] --START--
INFO: Run Behavior\ReadHtmlCacheBehavior [ RunTime:0.000488s ]
INFO: [ app_begin ] --END-- [ RunTime:0.000553s ]
INFO: [ view_parse ] --START--
INFO: [ template_filter ] --START--
INFO: Run Behavior\ContentReplaceBehavior [ RunTime:0.000059s ]
INFO: [ template_filter ] --END-- [ RunTime:0.000129s ]
INFO: Run Behavior\ParseTemplateBehavior [ RunTime:0.025821s ]
INFO: [ view_parse ] --END-- [ RunTime:0.025930s ]
INFO: [ view_filter ] --START--
INFO: Run Behavior\WriteHtmlCacheBehavior [ RunTime:0.000275s ]
INFO: [ view_filter ] --END-- [ RunTime:0.000339s ]
INFO: [ app_end ] --START--
INFO: Run Behavior\ShowPageTraceBehavior [ RunTime:0.000498s ]
INFO: [ app_end ] --END-- [ RunTime:0.000552s ]

[ 2016-12-04T20:48:41+08:00 ] 127.0.0.1 /FS/index.php/Admin/a/login
INFO: [ app_init ] --START--
INFO: Run Behavior\BuildLiteBehavior [ RunTime:0.000022s ]
INFO: [ app_init ] --END-- [ RunTime:0.000573s ]
INFO: [ app_begin ] --START--
INFO: Run Behavior\ReadHtmlCacheBehavior [ RunTime:0.000870s ]
INFO: [ app_begin ] --END-- [ RunTime:0.000969s ]
SQL: SHOW COLUMNS FROM `adminuser` [ RunTime:0.0044s ]
SQL: SELECT COUNT(*) AS tp_count FROM `adminuser` WHERE `username` = 'futurestar' AND `password` = '123456' LIMIT 1   [ RunTime:0.0004s ]
INFO: [ view_parse ] --START--
INFO: [ template_filter ] --START--
INFO: Run Behavior\ContentReplaceBehavior [ RunTime:0.000051s ]
INFO: [ template_filter ] --END-- [ RunTime:0.000120s ]
INFO: Run Behavior\ParseTemplateBehavior [ RunTime:0.006450s ]
INFO: [ view_parse ] --END-- [ RunTime:0.006525s ]
INFO: [ view_filter ] --START--
INFO: Run Behavior\WriteHtmlCacheBehavior [ RunTime:0.000299s ]
INFO: [ view_filter ] --END-- [ RunTime:0.000352s ]
INFO: [ app_end ] --START--
INFO: Run Behavior\ShowPageTraceBehavior [ RunTime:0.000587s ]
INFO: [ app_end ] --END-- [ RunTime:0.000643s ]

[ 2016-12-04T20:48:43+08:00 ] 127.0.0.1 /FS/index.php/Admin/Index/index.html
INFO: [ app_init ] --START--
INFO: Run Behavior\BuildLiteBehavior [ RunTime:0.000016s ]
INFO: [ app_init ] --END-- [ RunTime:0.000351s ]
INFO: [ app_begin ] --START--
INFO: Run Behavior\ReadHtmlCacheBehavior [ RunTime:0.000597s ]
INFO: [ app_begin ] --END-- [ RunTime:0.000680s ]
NOTIC: [2] Missing argument 1 for Think\Controller::show(), called in E:\WebServer\wwwroot\FS\Application\Admin\Controller\IndexController.class.php on line 12 and defined E:\WebServer\wwwroot\FS\ThinkPHP\Library\Think\Controller.class.php 第 68 行.
NOTIC: [8] Undefined variable: content E:\WebServer\wwwroot\FS\ThinkPHP\Library\Think\Controller.class.php 第 69 行.
INFO: [ view_parse ] --START--
INFO: [ template_filter ] --START--
INFO: Run Behavior\ContentReplaceBehavior [ RunTime:0.000130s ]
INFO: [ template_filter ] --END-- [ RunTime:0.000244s ]
INFO: Run Behavior\ParseTemplateBehavior [ RunTime:0.022264s ]
INFO: [ view_parse ] --END-- [ RunTime:0.022359s ]
INFO: [ view_filter ] --START--
INFO: Run Behavior\WriteHtmlCacheBehavior [ RunTime:0.000303s ]
INFO: [ view_filter ] --END-- [ RunTime:0.000383s ]
INFO: [ app_end ] --START--
INFO: Run Behavior\ShowPageTraceBehavior [ RunTime:0.000793s ]
INFO: [ app_end ] --END-- [ RunTime:0.000880s ]

[ 2016-12-04T20:48:45+08:00 ] 127.0.0.1 /FS/index.php/Admin/T/lists.html
INFO: [ app_init ] --START--
INFO: Run Behavior\BuildLiteBehavior [ RunTime:0.000015s ]
INFO: [ app_init ] --END-- [ RunTime:0.000345s ]
INFO: [ app_begin ] --START--
INFO: Run Behavior\ReadHtmlCacheBehavior [ RunTime:0.000481s ]
INFO: [ app_begin ] --END-- [ RunTime:0.000543s ]
SQL: SHOW COLUMNS FROM `teacher` [ RunTime:0.0045s ]
SQL: SELECT COUNT(*) AS tp_count FROM `teacher` LIMIT 1   [ RunTime:0.0003s ]
SQL: SELECT * FROM `teacher` ORDER BY id asc LIMIT 0,2   [ RunTime:0.0004s ]
NOTIC: [2] Missing argument 1 for Think\Controller::show(), called in E:\WebServer\wwwroot\FS\Application\Admin\Controller\TController.class.php on line 22 and defined E:\WebServer\wwwroot\FS\ThinkPHP\Library\Think\Controller.class.php 第 68 行.
NOTIC: [8] Undefined variable: content E:\WebServer\wwwroot\FS\ThinkPHP\Library\Think\Controller.class.php 第 69 行.
INFO: [ view_parse ] --START--
INFO: [ template_filter ] --START--
INFO: Run Behavior\ContentReplaceBehavior [ RunTime:0.000077s ]
INFO: [ template_filter ] --END-- [ RunTime:0.000144s ]
NOTIC: [8] Undefined index: location E:\WebServer\wwwroot\FS\Application\Runtime\Cache\Admin\c63b2dc3a40c800dfaa88f3d9bd2bec6.php 第 107 行.
NOTIC: [8] Undefined index: location E:\WebServer\wwwroot\FS\Application\Runtime\Cache\Admin\c63b2dc3a40c800dfaa88f3d9bd2bec6.php 第 107 行.
INFO: Run Behavior\ParseTemplateBehavior [ RunTime:0.009066s ]
INFO: [ view_parse ] --END-- [ RunTime:0.009126s ]
INFO: [ view_filter ] --START--
INFO: Run Behavior\WriteHtmlCacheBehavior [ RunTime:0.000211s ]
INFO: [ view_filter ] --END-- [ RunTime:0.000260s ]
INFO: [ app_end ] --START--
INFO: Run Behavior\ShowPageTraceBehavior [ RunTime:0.000507s ]
INFO: [ app_end ] --END-- [ RunTime:0.000560s ]

[ 2016-12-04T20:50:20+08:00 ] 127.0.0.1 /FS/index.php/Admin/T/lists.html
INFO: [ app_init ] --START--
INFO: Run Behavior\BuildLiteBehavior [ RunTime:0.000017s ]
INFO: [ app_init ] --END-- [ RunTime:0.000379s ]
INFO: [ app_begin ] --START--
INFO: Run Behavior\ReadHtmlCacheBehavior [ RunTime:0.000491s ]
INFO: [ app_begin ] --END-- [ RunTime:0.000560s ]
SQL: SHOW COLUMNS FROM `teacher` [ RunTime:0.0051s ]
SQL: SELECT COUNT(*) AS tp_count FROM `teacher` LIMIT 1   [ RunTime:0.0004s ]
SQL: SELECT * FROM `teacher` ORDER BY id asc LIMIT 0,2   [ RunTime:0.0004s ]
NOTIC: [2] Missing argument 1 for Think\Controller::show(), called in E:\WebServer\wwwroot\FS\Application\Admin\Controller\TController.class.php on line 22 and defined E:\WebServer\wwwroot\FS\ThinkPHP\Library\Think\Controller.class.php 第 68 行.
NOTIC: [8] Undefined variable: content E:\WebServer\wwwroot\FS\ThinkPHP\Library\Think\Controller.class.php 第 69 行.
INFO: [ view_parse ] --START--
INFO: [ template_filter ] --START--
INFO: Run Behavior\ContentReplaceBehavior [ RunTime:0.000079s ]
INFO: [ template_filter ] --END-- [ RunTime:0.000144s ]
INFO: Run Behavior\ParseTemplateBehavior [ RunTime:0.010022s ]
INFO: [ view_parse ] --END-- [ RunTime:0.010092s ]
INFO: [ view_filter ] --START--
INFO: Run Behavior\WriteHtmlCacheBehavior [ RunTime:0.000216s ]
INFO: [ view_filter ] --END-- [ RunTime:0.000269s ]
INFO: [ app_end ] --START--
INFO: Run Behavior\ShowPageTraceBehavior [ RunTime:0.000523s ]
INFO: [ app_end ] --END-- [ RunTime:0.000580s ]

[ 2016-12-04T20:50:23+08:00 ] 127.0.0.1 /FS/index.php/Admin/T/lists/p/2.html
INFO: [ app_init ] --START--
INFO: Run Behavior\BuildLiteBehavior [ RunTime:0.000015s ]
INFO: [ app_init ] --END-- [ RunTime:0.000440s ]
INFO: [ app_begin ] --START--
INFO: Run Behavior\ReadHtmlCacheBehavior [ RunTime:0.000959s ]
INFO: [ app_begin ] --END-- [ RunTime:0.001077s ]
SQL: SHOW COLUMNS FROM `teacher` [ RunTime:0.0054s ]
SQL: SELECT COUNT(*) AS tp_count FROM `teacher` LIMIT 1   [ RunTime:0.0003s ]
SQL: SELECT * FROM `teacher` ORDER BY id asc LIMIT 2,2   [ RunTime:0.0004s ]
NOTIC: [2] Missing argument 1 for Think\Controller::show(), called in E:\WebServer\wwwroot\FS\Application\Admin\Controller\TController.class.php on line 22 and defined E:\WebServer\wwwroot\FS\ThinkPHP\Library\Think\Controller.class.php 第 68 行.
NOTIC: [8] Undefined variable: content E:\WebServer\wwwroot\FS\ThinkPHP\Library\Think\Controller.class.php 第 69 行.
INFO: [ view_parse ] --START--
INFO: [ template_filter ] --START--
INFO: Run Behavior\ContentReplaceBehavior [ RunTime:0.000109s ]
INFO: [ template_filter ] --END-- [ RunTime:0.000189s ]
INFO: Run Behavior\ParseTemplateBehavior [ RunTime:0.011963s ]
INFO: [ view_parse ] --END-- [ RunTime:0.012056s ]
INFO: [ view_filter ] --START--
INFO: Run Behavior\WriteHtmlCacheBehavior [ RunTime:0.000341s ]
INFO: [ view_filter ] --END-- [ RunTime:0.000397s ]
INFO: [ app_end ] --START--
INFO: Run Behavior\ShowPageTraceBehavior [ RunTime:0.000686s ]
INFO: [ app_end ] --END-- [ RunTime:0.000755s ]

[ 2016-12-04T20:50:26+08:00 ] 127.0.0.1 /FS/index.php/Admin/T/lists/p/3.html
INFO: [ app_init ] --START--
INFO: Run Behavior\BuildLiteBehavior [ RunTime:0.000021s ]
INFO: [ app_init ] --END-- [ RunTime:0.000504s ]
INFO: [ app_begin ] --START--
INFO: Run Behavior\ReadHtmlCacheBehavior [ RunTime:0.000682s ]
INFO: [ app_begin ] --END-- [ RunTime:0.000774s ]
SQL: SHOW COLUMNS FROM `teacher` [ RunTime:0.0065s ]
SQL: SELECT COUNT(*) AS tp_count FROM `teacher` LIMIT 1   [ RunTime:0.0003s ]
SQL: SELECT * FROM `teacher` ORDER BY id asc LIMIT 4,2   [ RunTime:0.0005s ]
NOTIC: [2] Missing argument 1 for Think\Controller::show(), called in E:\WebServer\wwwroot\FS\Application\Admin\Controller\TController.class.php on line 22 and defined E:\WebServer\wwwroot\FS\ThinkPHP\Library\Think\Controller.class.php 第 68 行.
NOTIC: [8] Undefined variable: content E:\WebServer\wwwroot\FS\ThinkPHP\Library\Think\Controller.class.php 第 69 行.
INFO: [ view_parse ] --START--
INFO: [ template_filter ] --START--
INFO: Run Behavior\ContentReplaceBehavior [ RunTime:0.000109s ]
INFO: [ template_filter ] --END-- [ RunTime:0.000203s ]
INFO: Run Behavior\ParseTemplateBehavior [ RunTime:0.016869s ]
INFO: [ view_parse ] --END-- [ RunTime:0.016985s ]
INFO: [ view_filter ] --START--
INFO: Run Behavior\WriteHtmlCacheBehavior [ RunTime:0.000441s ]
INFO: [ view_filter ] --END-- [ RunTime:0.000556s ]
INFO: [ app_end ] --START--
INFO: Run Behavior\ShowPageTraceBehavior [ RunTime:0.001130s ]
INFO: [ app_end ] --END-- [ RunTime:0.001254s ]

[ 2016-12-04T20:50:51+08:00 ] 127.0.0.1 /FS/index.php/Admin/T/edit/id/2016011829
INFO: [ app_init ] --START--
INFO: Run Behavior\BuildLiteBehavior [ RunTime:0.000015s ]
INFO: [ app_init ] --END-- [ RunTime:0.000381s ]
INFO: [ app_begin ] --START--
INFO: Run Behavior\ReadHtmlCacheBehavior [ RunTime:0.000605s ]
INFO: [ app_begin ] --END-- [ RunTime:0.000672s ]
SQL: SHOW COLUMNS FROM `teacher` [ RunTime:0.0045s ]
SQL: SELECT * FROM `teacher` WHERE `id` = 2016011829 LIMIT 1   [ RunTime:0.0004s ]
INFO: [ view_parse ] --START--
INFO: [ template_filter ] --START--
INFO: Run Behavior\ContentReplaceBehavior [ RunTime:0.000124s ]
INFO: [ template_filter ] --END-- [ RunTime:0.000219s ]
INFO: Run Behavior\ParseTemplateBehavior [ RunTime:0.008706s ]
INFO: [ view_parse ] --END-- [ RunTime:0.008797s ]
INFO: [ view_filter ] --START--
INFO: Run Behavior\WriteHtmlCacheBehavior [ RunTime:0.000336s ]
INFO: [ view_filter ] --END-- [ RunTime:0.000402s ]
INFO: [ app_end ] --START--
INFO: Run Behavior\ShowPageTraceBehavior [ RunTime:0.000863s ]
INFO: [ app_end ] --END-- [ RunTime:0.000950s ]

[ 2016-12-04T20:51:12+08:00 ] 127.0.0.1 /FS/index.php/Admin/T/edit/id/2016011829
INFO: [ app_init ] --START--
INFO: Run Behavior\BuildLiteBehavior [ RunTime:0.000016s ]
INFO: [ app_init ] --END-- [ RunTime:0.000413s ]
INFO: [ app_begin ] --START--
INFO: Run Behavior\ReadHtmlCacheBehavior [ RunTime:0.000584s ]
INFO: [ app_begin ] --END-- [ RunTime:0.000654s ]
SQL: SHOW COLUMNS FROM `teacher` [ RunTime:0.0044s ]
NOTIC: [8] Undefined index: validate E:\WebServer\wwwroot\FS\ThinkPHP\Library\Think\Model.class.php 第 1185 行.
NOTIC: [8] Undefined index: auto E:\WebServer\wwwroot\FS\ThinkPHP\Library\Think\Model.class.php 第 1128 行.
NOTIC: [8] Undefined variable: data E:\WebServer\wwwroot\FS\Application\Admin\Controller\TController.class.php 第 29 行.
SQL: UPDATE `teacher` SET `grade`='中班',`subject`='英语',`city`='石家庄',`township`='桥西区' WHERE `id` = '2016011829' [ RunTime:0.2120s ]
INFO: [ view_parse ] --START--
INFO: [ template_filter ] --START--
INFO: Run Behavior\ContentReplaceBehavior [ RunTime:0.000082s ]
INFO: [ template_filter ] --END-- [ RunTime:0.000190s ]
INFO: Run Behavior\ParseTemplateBehavior [ RunTime:0.009868s ]
INFO: [ view_parse ] --END-- [ RunTime:0.009979s ]
INFO: [ view_filter ] --START--
INFO: Run Behavior\WriteHtmlCacheBehavior [ RunTime:0.000408s ]
INFO: [ view_filter ] --END-- [ RunTime:0.000489s ]
INFO: [ app_end ] --START--
INFO: Run Behavior\ShowPageTraceBehavior [ RunTime:0.000615s ]
INFO: [ app_end ] --END-- [ RunTime:0.000685s ]

[ 2016-12-04T20:51:13+08:00 ] 127.0.0.1 /FS/index.php/Admin/T/lists.html
INFO: [ app_init ] --START--
INFO: Run Behavior\BuildLiteBehavior [ RunTime:0.000024s ]
INFO: [ app_init ] --END-- [ RunTime:0.000538s ]
INFO: [ app_begin ] --START--
INFO: Run Behavior\ReadHtmlCacheBehavior [ RunTime:0.000772s ]
INFO: [ app_begin ] --END-- [ RunTime:0.000873s ]
SQL: SHOW COLUMNS FROM `teacher` [ RunTime:0.0067s ]
SQL: SELECT COUNT(*) AS tp_count FROM `teacher` LIMIT 1   [ RunTime:0.0003s ]
SQL: SELECT * FROM `teacher` ORDER BY id asc LIMIT 0,2   [ RunTime:0.0005s ]
NOTIC: [2] Missing argument 1 for Think\Controller::show(), called in E:\WebServer\wwwroot\FS\Application\Admin\Controller\TController.class.php on line 22 and defined E:\WebServer\wwwroot\FS\ThinkPHP\Library\Think\Controller.class.php 第 68 行.
NOTIC: [8] Undefined variable: content E:\WebServer\wwwroot\FS\ThinkPHP\Library\Think\Controller.class.php 第 69 行.
INFO: [ view_parse ] --START--
INFO: [ template_filter ] --START--
INFO: Run Behavior\ContentReplaceBehavior [ RunTime:0.000130s ]
INFO: [ template_filter ] --END-- [ RunTime:0.000250s ]
INFO: Run Behavior\ParseTemplateBehavior [ RunTime:0.013999s ]
INFO: [ view_parse ] --END-- [ RunTime:0.014124s ]
INFO: [ view_filter ] --START--
INFO: Run Behavior\WriteHtmlCacheBehavior [ RunTime:0.000307s ]
INFO: [ view_filter ] --END-- [ RunTime:0.000390s ]
INFO: [ app_end ] --START--
INFO: Run Behavior\ShowPageTraceBehavior [ RunTime:0.000802s ]
INFO: [ app_end ] --END-- [ RunTime:0.000884s ]

[ 2016-12-04T20:51:27+08:00 ] 127.0.0.1 /FS/index.php/Admin/T/lists.html
INFO: [ app_init ] --START--
INFO: Run Behavior\BuildLiteBehavior [ RunTime:0.000020s ]
INFO: [ app_init ] --END-- [ RunTime:0.000358s ]
INFO: [ app_begin ] --START--
INFO: Run Behavior\ReadHtmlCacheBehavior [ RunTime:0.000482s ]
INFO: [ app_begin ] --END-- [ RunTime:0.000546s ]
SQL: SHOW COLUMNS FROM `teacher` [ RunTime:0.0051s ]
SQL: SELECT COUNT(*) AS tp_count FROM `teacher` LIMIT 1   [ RunTime:0.0003s ]
SQL: SELECT * FROM `teacher` ORDER BY id asc LIMIT 0,2   [ RunTime:0.0004s ]
NOTIC: [2] Missing argument 1 for Think\Controller::show(), called in E:\WebServer\wwwroot\FS\Application\Admin\Controller\TController.class.php on line 22 and defined E:\WebServer\wwwroot\FS\ThinkPHP\Library\Think\Controller.class.php 第 68 行.
NOTIC: [8] Undefined variable: content E:\WebServer\wwwroot\FS\ThinkPHP\Library\Think\Controller.class.php 第 69 行.
INFO: [ view_parse ] --START--
INFO: [ template_filter ] --START--
INFO: Run Behavior\ContentReplaceBehavior [ RunTime:0.000081s ]
INFO: [ template_filter ] --END-- [ RunTime:0.000175s ]
INFO: Run Behavior\ParseTemplateBehavior [ RunTime:0.009908s ]
INFO: [ view_parse ] --END-- [ RunTime:0.009985s ]
INFO: [ view_filter ] --START--
INFO: Run Behavior\WriteHtmlCacheBehavior [ RunTime:0.000521s ]
INFO: [ view_filter ] --END-- [ RunTime:0.000583s ]
INFO: [ app_end ] --START--
INFO: Run Behavior\ShowPageTraceBehavior [ RunTime:0.000543s ]
INFO: [ app_end ] --END-- [ RunTime:0.000598s ]

[ 2016-12-04T20:51:29+08:00 ] 127.0.0.1 /FS/index.php/Admin/T/lists/p/2.html
INFO: [ app_init ] --START--
INFO: Run Behavior\BuildLiteBehavior [ RunTime:0.000024s ]
INFO: [ app_init ] --END-- [ RunTime:0.000637s ]
INFO: [ app_begin ] --START--
INFO: Run Behavior\ReadHtmlCacheBehavior [ RunTime:0.000764s ]
INFO: [ app_begin ] --END-- [ RunTime:0.000872s ]
SQL: SHOW COLUMNS FROM `teacher` [ RunTime:0.0059s ]
SQL: SELECT COUNT(*) AS tp_count FROM `teacher` LIMIT 1   [ RunTime:0.0003s ]
SQL: SELECT * FROM `teacher` ORDER BY id asc LIMIT 2,2   [ RunTime:0.0003s ]
NOTIC: [2] Missing argument 1 for Think\Controller::show(), called in E:\WebServer\wwwroot\FS\Application\Admin\Controller\TController.class.php on line 22 and defined E:\WebServer\wwwroot\FS\ThinkPHP\Library\Think\Controller.class.php 第 68 行.
NOTIC: [8] Undefined variable: content E:\WebServer\wwwroot\FS\ThinkPHP\Library\Think\Controller.class.php 第 69 行.
INFO: [ view_parse ] --START--
INFO: [ template_filter ] --START--
INFO: Run Behavior\ContentReplaceBehavior [ RunTime:0.000123s ]
INFO: [ template_filter ] --END-- [ RunTime:0.000234s ]
INFO: Run Behavior\ParseTemplateBehavior [ RunTime:0.012657s ]
INFO: [ view_parse ] --END-- [ RunTime:0.012759s ]
INFO: [ view_filter ] --START--
INFO: Run Behavior\WriteHtmlCacheBehavior [ RunTime:0.000392s ]
INFO: [ view_filter ] --END-- [ RunTime:0.000487s ]
INFO: [ app_end ] --START--
INFO: Run Behavior\ShowPageTraceBehavior [ RunTime:0.000727s ]
INFO: [ app_end ] --END-- [ RunTime:0.000801s ]

[ 2016-12-04T20:51:31+08:00 ] 127.0.0.1 /FS/index.php/Admin/T/lists/p/3.html
INFO: [ app_init ] --START--
INFO: Run Behavior\BuildLiteBehavior [ RunTime:0.000030s ]
INFO: [ app_init ] --END-- [ RunTime:0.000692s ]
INFO: [ app_begin ] --START--
INFO: Run Behavior\ReadHtmlCacheBehavior [ RunTime:0.001441s ]
INFO: [ app_begin ] --END-- [ RunTime:0.001576s ]
SQL: SHOW COLUMNS FROM `teacher` [ RunTime:0.2425s ]
SQL: SELECT COUNT(*) AS tp_count FROM `teacher` LIMIT 1   [ RunTime:0.0005s ]
SQL: SELECT * FROM `teacher` ORDER BY id asc LIMIT 4,2   [ RunTime:0.0009s ]
NOTIC: [2] Missing argument 1 for Think\Controller::show(), called in E:\WebServer\wwwroot\FS\Application\Admin\Controller\TController.class.php on line 22 and defined E:\WebServer\wwwroot\FS\ThinkPHP\Library\Think\Controller.class.php 第 68 行.
NOTIC: [8] Undefined variable: content E:\WebServer\wwwroot\FS\ThinkPHP\Library\Think\Controller.class.php 第 69 行.
INFO: [ view_parse ] --START--
INFO: [ template_filter ] --START--
INFO: Run Behavior\ContentReplaceBehavior [ RunTime:0.000172s ]
INFO: [ template_filter ] --END-- [ RunTime:0.000313s ]
INFO: Run Behavior\ParseTemplateBehavior [ RunTime:0.016088s ]
INFO: [ view_parse ] --END-- [ RunTime:0.016227s ]
INFO: [ view_filter ] --START--
INFO: Run Behavior\WriteHtmlCacheBehavior [ RunTime:0.000418s ]
INFO: [ view_filter ] --END-- [ RunTime:0.000529s ]
INFO: [ app_end ] --START--
INFO: Run Behavior\ShowPageTraceBehavior [ RunTime:0.001077s ]
INFO: [ app_end ] --END-- [ RunTime:0.001193s ]

[ 2016-12-04T20:52:51+08:00 ] 127.0.0.1 /FS/index.php/Admin/T/lists/p/3.html
INFO: [ app_init ] --START--
INFO: Run Behavior\BuildLiteBehavior [ RunTime:0.000015s ]
INFO: [ app_init ] --END-- [ RunTime:0.000382s ]
INFO: [ app_begin ] --START--
INFO: Run Behavior\ReadHtmlCacheBehavior [ RunTime:0.000617s ]
INFO: [ app_begin ] --END-- [ RunTime:0.000694s ]
SQL: SHOW COLUMNS FROM `teacher` [ RunTime:0.0055s ]
SQL: SELECT COUNT(*) AS tp_count FROM `teacher` LIMIT 1   [ RunTime:0.0003s ]
SQL: SELECT * FROM `teacher` ORDER BY id asc LIMIT 4,2   [ RunTime:0.0004s ]
NOTIC: [2] Missing argument 1 for Think\Controller::show(), called in E:\WebServer\wwwroot\FS\Application\Admin\Controller\TController.class.php on line 22 and defined E:\WebServer\wwwroot\FS\ThinkPHP\Library\Think\Controller.class.php 第 68 行.
NOTIC: [8] Undefined variable: content E:\WebServer\wwwroot\FS\ThinkPHP\Library\Think\Controller.class.php 第 69 行.
INFO: [ view_parse ] --START--
INFO: [ template_filter ] --START--
INFO: Run Behavior\ContentReplaceBehavior [ RunTime:0.000076s ]
INFO: [ template_filter ] --END-- [ RunTime:0.000142s ]
INFO: Run Behavior\ParseTemplateBehavior [ RunTime:0.010688s ]
INFO: [ view_parse ] --END-- [ RunTime:0.010777s ]
INFO: [ view_filter ] --START--
INFO: Run Behavior\WriteHtmlCacheBehavior [ RunTime:0.000410s ]
INFO: [ view_filter ] --END-- [ RunTime:0.000490s ]
INFO: [ app_end ] --START--
INFO: Run Behavior\ShowPageTraceBehavior [ RunTime:0.000594s ]
INFO: [ app_end ] --END-- [ RunTime:0.000649s ]

[ 2016-12-04T20:52:55+08:00 ] 127.0.0.1 /FS/index.php/Admin/T/lists/p/2.html
INFO: [ app_init ] --START--
INFO: Run Behavior\BuildLiteBehavior [ RunTime:0.000017s ]
INFO: [ app_init ] --END-- [ RunTime:0.000351s ]
INFO: [ app_begin ] --START--
INFO: Run Behavior\ReadHtmlCacheBehavior [ RunTime:0.000481s ]
INFO: [ app_begin ] --END-- [ RunTime:0.000547s ]
SQL: SHOW COLUMNS FROM `teacher` [ RunTime:0.0053s ]
SQL: SELECT COUNT(*) AS tp_count FROM `teacher` LIMIT 1   [ RunTime:0.0003s ]
SQL: SELECT * FROM `teacher` ORDER BY id asc LIMIT 2,2   [ RunTime:0.0003s ]
NOTIC: [2] Missing argument 1 for Think\Controller::show(), called in E:\WebServer\wwwroot\FS\Application\Admin\Controller\TController.class.php on line 22 and defined E:\WebServer\wwwroot\FS\ThinkPHP\Library\Think\Controller.class.php 第 68 行.
NOTIC: [8] Undefined variable: content E:\WebServer\wwwroot\FS\ThinkPHP\Library\Think\Controller.class.php 第 69 行.
INFO: [ view_parse ] --START--
INFO: [ template_filter ] --START--
INFO: Run Behavior\ContentReplaceBehavior [ RunTime:0.000116s ]
INFO: [ template_filter ] --END-- [ RunTime:0.000213s ]
INFO: Run Behavior\ParseTemplateBehavior [ RunTime:0.009797s ]
INFO: [ view_parse ] --END-- [ RunTime:0.009890s ]
INFO: [ view_filter ] --START--
INFO: Run Behavior\WriteHtmlCacheBehavior [ RunTime:0.000362s ]
INFO: [ view_filter ] --END-- [ RunTime:0.000438s ]
INFO: [ app_end ] --START--
INFO: Run Behavior\ShowPageTraceBehavior [ RunTime:0.000551s ]
INFO: [ app_end ] --END-- [ RunTime:0.000606s ]

[ 2016-12-04T20:52:56+08:00 ] 127.0.0.1 /FS/index.php/Admin/T/lists/p/1.html
INFO: [ app_init ] --START--
INFO: Run Behavior\BuildLiteBehavior [ RunTime:0.000022s ]
INFO: [ app_init ] --END-- [ RunTime:0.000501s ]
INFO: [ app_begin ] --START--
INFO: Run Behavior\ReadHtmlCacheBehavior [ RunTime:0.000746s ]
INFO: [ app_begin ] --END-- [ RunTime:0.000845s ]
SQL: SHOW COLUMNS FROM `teacher` [ RunTime:0.0059s ]
SQL: SELECT COUNT(*) AS tp_count FROM `teacher` LIMIT 1   [ RunTime:0.0004s ]
SQL: SELECT * FROM `teacher` ORDER BY id asc LIMIT 0,2   [ RunTime:0.0003s ]
NOTIC: [2] Missing argument 1 for Think\Controller::show(), called in E:\WebServer\wwwroot\FS\Application\Admin\Controller\TController.class.php on line 22 and defined E:\WebServer\wwwroot\FS\ThinkPHP\Library\Think\Controller.class.php 第 68 行.
NOTIC: [8] Undefined variable: content E:\WebServer\wwwroot\FS\ThinkPHP\Library\Think\Controller.class.php 第 69 行.
INFO: [ view_parse ] --START--
INFO: [ template_filter ] --START--
INFO: Run Behavior\ContentReplaceBehavior [ RunTime:0.000146s ]
INFO: [ template_filter ] --END-- [ RunTime:0.000255s ]
INFO: Run Behavior\ParseTemplateBehavior [ RunTime:0.012085s ]
INFO: [ view_parse ] --END-- [ RunTime:0.012197s ]
INFO: [ view_filter ] --START--
INFO: Run Behavior\WriteHtmlCacheBehavior [ RunTime:0.000351s ]
INFO: [ view_filter ] --END-- [ RunTime:0.000443s ]
INFO: [ app_end ] --START--
INFO: Run Behavior\ShowPageTraceBehavior [ RunTime:0.000549s ]
INFO: [ app_end ] --END-- [ RunTime:0.000604s ]

