[ 2016-12-19T14:00:00+08:00 ] 127.0.0.1 /FS/
INFO: [ app_init ] --START--
INFO: Run Behavior\BuildLiteBehavior [ RunTime:0.000018s ]
INFO: [ app_init ] --END-- [ RunTime:0.127724s ]
INFO: [ app_begin ] --START--
INFO: Run Behavior\ReadHtmlCacheBehavior [ RunTime:0.039104s ]
INFO: [ app_begin ] --END-- [ RunTime:0.039218s ]
NOTIC: [2] Missing argument 1 for Think\Controller::show(), called in E:\WebServer\wwwroot\FS\Application\Home\Controller\IndexController.class.php on line 7 and defined E:\WebServer\wwwroot\FS\ThinkPHP\Library\Think\Controller.class.php 第 68 行.
NOTIC: [8] Undefined variable: content E:\WebServer\wwwroot\FS\ThinkPHP\Library\Think\Controller.class.php 第 69 行.
INFO: [ view_parse ] --START--
INFO: [ template_filter ] --START--
INFO: Run Behavior\ContentReplaceBehavior [ RunTime:0.000073s ]
INFO: [ template_filter ] --END-- [ RunTime:0.000151s ]
INFO: Run Behavior\ParseTemplateBehavior [ RunTime:0.201933s ]
INFO: [ view_parse ] --END-- [ RunTime:0.202061s ]
INFO: [ view_filter ] --START--
INFO: Run Behavior\WriteHtmlCacheBehavior [ RunTime:0.041251s ]
INFO: [ view_filter ] --END-- [ RunTime:0.041331s ]
INFO: [ app_end ] --START--
INFO: Run Behavior\ShowPageTraceBehavior [ RunTime:0.011042s ]
INFO: [ app_end ] --END-- [ RunTime:0.011114s ]

[ 2016-12-19T14:00:16+08:00 ] 127.0.0.1 /FS/index.php/Home/Index/login
INFO: [ app_init ] --START--
INFO: Run Behavior\BuildLiteBehavior [ RunTime:0.000015s ]
INFO: [ app_init ] --END-- [ RunTime:0.000428s ]
INFO: [ app_begin ] --START--
INFO: Run Behavior\ReadHtmlCacheBehavior [ RunTime:0.000634s ]
INFO: [ app_begin ] --END-- [ RunTime:0.000710s ]
INFO: [ view_parse ] --START--
INFO: [ template_filter ] --START--
INFO: Run Behavior\ContentReplaceBehavior [ RunTime:0.000187s ]
INFO: [ template_filter ] --END-- [ RunTime:0.000341s ]
INFO: Run Behavior\ParseTemplateBehavior [ RunTime:0.313719s ]
INFO: [ view_parse ] --END-- [ RunTime:0.313890s ]
INFO: [ view_filter ] --START--
INFO: Run Behavior\WriteHtmlCacheBehavior [ RunTime:0.000356s ]
INFO: [ view_filter ] --END-- [ RunTime:0.000416s ]
INFO: [ app_end ] --START--
INFO: Run Behavior\ShowPageTraceBehavior [ RunTime:0.000611s ]
INFO: [ app_end ] --END-- [ RunTime:0.000666s ]

[ 2016-12-19T14:00:20+08:00 ] 127.0.0.1 /FS/index.php/Home/Index/login
INFO: [ app_init ] --START--
INFO: Run Behavior\BuildLiteBehavior [ RunTime:0.000015s ]
INFO: [ app_init ] --END-- [ RunTime:0.000416s ]
INFO: [ app_begin ] --START--
INFO: Run Behavior\ReadHtmlCacheBehavior [ RunTime:0.000626s ]
INFO: [ app_begin ] --END-- [ RunTime:0.000694s ]
SQL: SHOW COLUMNS FROM `teacher` [ RunTime:0.1413s ]
SQL: SELECT COUNT(*) AS tp_count FROM `teacher` WHERE `tel` = '13866666666' AND `password` = '111' LIMIT 1   [ RunTime:0.0084s ]

[ 2016-12-19T14:00:21+08:00 ] 127.0.0.1 /FS/index.php/Home/teacher/index.html
INFO: [ app_init ] --START--
INFO: Run Behavior\BuildLiteBehavior [ RunTime:0.000013s ]
INFO: [ app_init ] --END-- [ RunTime:0.000311s ]
INFO: [ app_begin ] --START--
INFO: Run Behavior\ReadHtmlCacheBehavior [ RunTime:0.000427s ]
INFO: [ app_begin ] --END-- [ RunTime:0.000481s ]
SQL: SHOW COLUMNS FROM `teacher` [ RunTime:0.0052s ]
SQL: SELECT * FROM `teacher` WHERE ( tel='13866666666' )  [ RunTime:0.0005s ]
SQL: SHOW COLUMNS FROM `homework` [ RunTime:0.0414s ]
SQL: SELECT * FROM `homework` INNER JOIN student ON homework.student_id = student.id  LIMIT 5   [ RunTime:0.0860s ]
SQL: SHOW COLUMNS FROM `student` [ RunTime:0.0106s ]
SQL: SELECT * FROM `student` WHERE `teatel` = '13866666666' AND `finishtask` = 1  [ RunTime:0.0007s ]
INFO: [ view_parse ] --START--
INFO: [ template_filter ] --START--
INFO: Run Behavior\ContentReplaceBehavior [ RunTime:0.000112s ]
INFO: [ template_filter ] --END-- [ RunTime:0.000180s ]
INFO: Run Behavior\ParseTemplateBehavior [ RunTime:0.094141s ]
INFO: [ view_parse ] --END-- [ RunTime:0.094264s ]
INFO: [ view_filter ] --START--
INFO: Run Behavior\WriteHtmlCacheBehavior [ RunTime:0.000410s ]
INFO: [ view_filter ] --END-- [ RunTime:0.000462s ]
INFO: [ app_end ] --START--
INFO: Run Behavior\ShowPageTraceBehavior [ RunTime:0.060769s ]
INFO: [ app_end ] --END-- [ RunTime:0.060879s ]

[ 2016-12-19T14:00:25+08:00 ] 127.0.0.1 /FS/index.php/Home/Teacher/guestbook.html
INFO: [ app_init ] --START--
INFO: Run Behavior\BuildLiteBehavior [ RunTime:0.000023s ]
INFO: [ app_init ] --END-- [ RunTime:0.000391s ]
INFO: [ app_begin ] --START--
INFO: Run Behavior\ReadHtmlCacheBehavior [ RunTime:0.000724s ]
INFO: [ app_begin ] --END-- [ RunTime:0.000819s ]
SQL: SHOW COLUMNS FROM `teacher` [ RunTime:0.0065s ]
SQL: SELECT * FROM `teacher` WHERE ( tel='13866666666' )  [ RunTime:0.0004s ]
SQL: SHOW COLUMNS FROM `student` [ RunTime:0.0056s ]
SQL: SELECT * FROM `student` WHERE ( teatel='13866666666' )  [ RunTime:0.0018s ]
INFO: [ view_parse ] --START--
INFO: [ template_filter ] --START--
INFO: Run Behavior\ContentReplaceBehavior [ RunTime:0.000225s ]
INFO: [ template_filter ] --END-- [ RunTime:0.000335s ]
NOTIC: [8] Undefined variable: message E:\WebServer\wwwroot\FS\Application\Runtime\Cache\Home\cb44c012fd0bd58f292a5b8f7bcd4566.php 第 121 行.
NOTIC: [8] Undefined variable: page E:\WebServer\wwwroot\FS\Application\Runtime\Cache\Home\cb44c012fd0bd58f292a5b8f7bcd4566.php 第 144 行.
INFO: Run Behavior\ParseTemplateBehavior [ RunTime:0.058886s ]
INFO: [ view_parse ] --END-- [ RunTime:0.058993s ]
INFO: [ view_filter ] --START--
INFO: Run Behavior\WriteHtmlCacheBehavior [ RunTime:0.000328s ]
INFO: [ view_filter ] --END-- [ RunTime:0.000410s ]
INFO: [ app_end ] --START--
INFO: Run Behavior\ShowPageTraceBehavior [ RunTime:0.001462s ]
INFO: [ app_end ] --END-- [ RunTime:0.001574s ]

[ 2016-12-19T14:00:28+08:00 ] 127.0.0.1 /FS/index.php/Home/Teacher/showMessage
INFO: [ app_init ] --START--
INFO: Run Behavior\BuildLiteBehavior [ RunTime:0.000025s ]
INFO: [ app_init ] --END-- [ RunTime:0.000566s ]
INFO: [ app_begin ] --START--
INFO: Run Behavior\ReadHtmlCacheBehavior [ RunTime:0.000733s ]
INFO: [ app_begin ] --END-- [ RunTime:0.000834s ]
SQL: SHOW COLUMNS FROM `student` [ RunTime:0.0050s ]
SQL: SELECT * FROM `student` WHERE ( realname='李小明' )  [ RunTime:0.0006s ]
SQL: SHOW COLUMNS FROM `message_board` [ RunTime:0.1002s ]
SQL: SELECT COUNT(*) AS tp_count FROM `message_board` LIMIT 1   [ RunTime:0.0003s ]
SQL: SELECT * FROM `message_board` WHERE ( student_id='2016011101' ) ORDER BY parenttime asc LIMIT 0,1   [ RunTime:0.0005s ]
INFO: [ app_end ] --START--
INFO: Run Behavior\ShowPageTraceBehavior [ RunTime:0.000576s ]
INFO: [ app_end ] --END-- [ RunTime:0.000640s ]

[ 2016-12-19T14:44:09+08:00 ] 127.0.0.1 /FS/index.php/Home/Teacher/workpaper.html
INFO: [ app_init ] --START--
INFO: Run Behavior\BuildLiteBehavior [ RunTime:0.000015s ]
INFO: [ app_init ] --END-- [ RunTime:0.000413s ]
INFO: [ app_begin ] --START--
INFO: Run Behavior\ReadHtmlCacheBehavior [ RunTime:0.000633s ]
INFO: [ app_begin ] --END-- [ RunTime:0.000714s ]
SQL: SHOW COLUMNS FROM `teacher` [ RunTime:0.0056s ]
SQL: SELECT * FROM `teacher` WHERE ( tel='13866666666' )  [ RunTime:0.0006s ]
SQL: SHOW COLUMNS FROM `homework` [ RunTime:0.0057s ]
SQL: SELECT * FROM `homework` LIMIT 1   [ RunTime:0.0005s ]
INFO: [ view_parse ] --START--
INFO: [ template_filter ] --START--
INFO: Run Behavior\ContentReplaceBehavior [ RunTime:0.000096s ]
INFO: [ template_filter ] --END-- [ RunTime:0.000179s ]
INFO: Run Behavior\ParseTemplateBehavior [ RunTime:0.045874s ]
INFO: [ view_parse ] --END-- [ RunTime:0.045959s ]
INFO: [ view_filter ] --START--
INFO: Run Behavior\WriteHtmlCacheBehavior [ RunTime:0.000296s ]
INFO: [ view_filter ] --END-- [ RunTime:0.000342s ]
INFO: [ app_end ] --START--
INFO: Run Behavior\ShowPageTraceBehavior [ RunTime:0.000644s ]
INFO: [ app_end ] --END-- [ RunTime:0.000709s ]

[ 2016-12-19T14:44:11+08:00 ] 127.0.0.1 /FS/index.php/Home/Teacher/checkhomework.html
INFO: [ app_init ] --START--
INFO: Run Behavior\BuildLiteBehavior [ RunTime:0.000019s ]
INFO: [ app_init ] --END-- [ RunTime:0.000415s ]
INFO: [ app_begin ] --START--
INFO: Run Behavior\ReadHtmlCacheBehavior [ RunTime:0.000539s ]
INFO: [ app_begin ] --END-- [ RunTime:0.000615s ]
SQL: SHOW COLUMNS FROM `teacher` [ RunTime:0.0069s ]
SQL: SELECT * FROM `teacher` WHERE ( tel='13866666666' )  [ RunTime:0.0004s ]
SQL: SHOW COLUMNS FROM `student` [ RunTime:0.0058s ]
SQL: SELECT * FROM `student` WHERE ( teatel='13866666666' ) LIMIT 7   [ RunTime:0.0004s ]
INFO: [ view_parse ] --START--
INFO: [ template_filter ] --START--
INFO: Run Behavior\ContentReplaceBehavior [ RunTime:0.000115s ]
INFO: [ template_filter ] --END-- [ RunTime:0.000186s ]
INFO: Run Behavior\ParseTemplateBehavior [ RunTime:0.164616s ]
INFO: [ view_parse ] --END-- [ RunTime:0.164700s ]
INFO: [ view_filter ] --START--
INFO: Run Behavior\WriteHtmlCacheBehavior [ RunTime:0.000229s ]
INFO: [ view_filter ] --END-- [ RunTime:0.000283s ]
INFO: [ app_end ] --START--
INFO: Run Behavior\ShowPageTraceBehavior [ RunTime:0.000847s ]
INFO: [ app_end ] --END-- [ RunTime:0.000959s ]

[ 2016-12-19T14:44:38+08:00 ] 127.0.0.1 /FS/index.php/Home/Teacher/guestbook.html
INFO: [ app_init ] --START--
INFO: Run Behavior\BuildLiteBehavior [ RunTime:0.000016s ]
INFO: [ app_init ] --END-- [ RunTime:0.000414s ]
INFO: [ app_begin ] --START--
INFO: Run Behavior\ReadHtmlCacheBehavior [ RunTime:0.000637s ]
INFO: [ app_begin ] --END-- [ RunTime:0.000711s ]
SQL: SHOW COLUMNS FROM `teacher` [ RunTime:0.0050s ]
SQL: SELECT * FROM `teacher` WHERE ( tel='13866666666' )  [ RunTime:0.0004s ]
SQL: SHOW COLUMNS FROM `student` [ RunTime:0.0048s ]
SQL: SELECT * FROM `student` WHERE ( teatel='13866666666' )  [ RunTime:0.0006s ]
INFO: [ view_parse ] --START--
INFO: [ template_filter ] --START--
INFO: Run Behavior\ContentReplaceBehavior [ RunTime:0.000147s ]
INFO: [ template_filter ] --END-- [ RunTime:0.000218s ]
NOTIC: [8] Undefined variable: message E:\WebServer\wwwroot\FS\Application\Runtime\Cache\Home\cb44c012fd0bd58f292a5b8f7bcd4566.php 第 121 行.
NOTIC: [8] Undefined variable: page E:\WebServer\wwwroot\FS\Application\Runtime\Cache\Home\cb44c012fd0bd58f292a5b8f7bcd4566.php 第 144 行.
INFO: Run Behavior\ParseTemplateBehavior [ RunTime:0.012606s ]
INFO: [ view_parse ] --END-- [ RunTime:0.012679s ]
INFO: [ view_filter ] --START--
INFO: Run Behavior\WriteHtmlCacheBehavior [ RunTime:0.000331s ]
INFO: [ view_filter ] --END-- [ RunTime:0.000383s ]
INFO: [ app_end ] --START--
INFO: Run Behavior\ShowPageTraceBehavior [ RunTime:0.000665s ]
INFO: [ app_end ] --END-- [ RunTime:0.000732s ]

[ 2016-12-19T14:44:45+08:00 ] 127.0.0.1 /FS/index.php/Home/Teacher/addMessage
INFO: [ app_init ] --START--
INFO: Run Behavior\BuildLiteBehavior [ RunTime:0.000016s ]
INFO: [ app_init ] --END-- [ RunTime:0.000399s ]
INFO: [ app_begin ] --START--
INFO: Run Behavior\ReadHtmlCacheBehavior [ RunTime:0.000636s ]
INFO: [ app_begin ] --END-- [ RunTime:0.000710s ]
SQL: SHOW COLUMNS FROM `student` [ RunTime:0.0053s ]
SQL: SELECT * FROM `student` WHERE ( realname='请选择学生' )  [ RunTime:0.0004s ]
NOTIC: [8] Undefined offset: 0 E:\WebServer\wwwroot\FS\Application\Home\Controller\TeacherController.class.php 第 250 行.
INFO: [ view_parse ] --START--
INFO: [ template_filter ] --START--
INFO: Run Behavior\ContentReplaceBehavior [ RunTime:0.000129s ]
INFO: [ template_filter ] --END-- [ RunTime:0.000207s ]
NOTIC: [8] Undefined variable: tea E:\WebServer\wwwroot\FS\Application\Runtime\Cache\Home\ab57759763f41186648044544e0c643c.php 第 30 行.
NOTIC: [8] Undefined variable: tea E:\WebServer\wwwroot\FS\Application\Runtime\Cache\Home\ab57759763f41186648044544e0c643c.php 第 34 行.
NOTIC: [8] Undefined variable: tea E:\WebServer\wwwroot\FS\Application\Runtime\Cache\Home\ab57759763f41186648044544e0c643c.php 第 50 行.
NOTIC: [8] Undefined variable: tea E:\WebServer\wwwroot\FS\Application\Runtime\Cache\Home\ab57759763f41186648044544e0c643c.php 第 53 行.
NOTIC: [8] Undefined variable: tea E:\WebServer\wwwroot\FS\Application\Runtime\Cache\Home\ab57759763f41186648044544e0c643c.php 第 55 行.
NOTIC: [8] Undefined variable: tea E:\WebServer\wwwroot\FS\Application\Runtime\Cache\Home\ab57759763f41186648044544e0c643c.php 第 56 行.
NOTIC: [8] Undefined variable: student E:\WebServer\wwwroot\FS\Application\Runtime\Cache\Home\ab57759763f41186648044544e0c643c.php 第 121 行.
NOTIC: [8] Undefined variable: message E:\WebServer\wwwroot\FS\Application\Runtime\Cache\Home\ab57759763f41186648044544e0c643c.php 第 134 行.
NOTIC: [8] Undefined variable: page E:\WebServer\wwwroot\FS\Application\Runtime\Cache\Home\ab57759763f41186648044544e0c643c.php 第 175 行.
INFO: Run Behavior\ParseTemplateBehavior [ RunTime:0.021387s ]
INFO: [ view_parse ] --END-- [ RunTime:0.021487s ]
INFO: [ view_filter ] --START--
INFO: Run Behavior\WriteHtmlCacheBehavior [ RunTime:0.000319s ]
INFO: [ view_filter ] --END-- [ RunTime:0.000368s ]
INFO: [ app_end ] --START--
INFO: Run Behavior\ShowPageTraceBehavior [ RunTime:0.000967s ]
INFO: [ app_end ] --END-- [ RunTime:0.001079s ]

[ 2016-12-19T15:18:42+08:00 ] 127.0.0.1 /FS/index.php/Home/Teacher/showMessage
INFO: [ app_init ] --START--
INFO: Run Behavior\BuildLiteBehavior [ RunTime:0.000016s ]
INFO: [ app_init ] --END-- [ RunTime:0.000405s ]
INFO: [ app_begin ] --START--
INFO: Run Behavior\ReadHtmlCacheBehavior [ RunTime:0.000619s ]
INFO: [ app_begin ] --END-- [ RunTime:0.000684s ]
SQL: SHOW COLUMNS FROM `student` [ RunTime:0.0051s ]
SQL: SELECT * FROM `student` WHERE ( realname='李小明' )  [ RunTime:0.0006s ]
SQL: SHOW COLUMNS FROM `message_board` [ RunTime:0.0047s ]
SQL: SELECT COUNT(*) AS tp_count FROM `message_board` LIMIT 1   [ RunTime:0.0003s ]
SQL: SELECT * FROM `message_board` WHERE ( student_id='2016011101' ) ORDER BY parenttime asc LIMIT 0,1   [ RunTime:0.0005s ]
INFO: [ app_end ] --START--
INFO: Run Behavior\ShowPageTraceBehavior [ RunTime:0.000750s ]
INFO: [ app_end ] --END-- [ RunTime:0.000818s ]

[ 2016-12-19T15:27:47+08:00 ] 127.0.0.1 /FS/index.php/Home/student
INFO: [ app_init ] --START--
INFO: Run Behavior\BuildLiteBehavior [ RunTime:0.000017s ]
INFO: [ app_init ] --END-- [ RunTime:0.000415s ]
INFO: [ app_begin ] --START--
INFO: Run Behavior\ReadHtmlCacheBehavior [ RunTime:0.000632s ]
INFO: [ app_begin ] --END-- [ RunTime:0.000701s ]

[ 2016-12-19T15:27:48+08:00 ] 127.0.0.1 /FS/index.php/Home/index/login.html
INFO: [ app_init ] --START--
INFO: Run Behavior\BuildLiteBehavior [ RunTime:0.000017s ]
INFO: [ app_init ] --END-- [ RunTime:0.000368s ]
INFO: [ app_begin ] --START--
INFO: Run Behavior\ReadHtmlCacheBehavior [ RunTime:0.000506s ]
INFO: [ app_begin ] --END-- [ RunTime:0.000578s ]
INFO: [ view_parse ] --START--
INFO: [ template_filter ] --START--
INFO: Run Behavior\ContentReplaceBehavior [ RunTime:0.000097s ]
INFO: [ template_filter ] --END-- [ RunTime:0.000182s ]
INFO: Run Behavior\ParseTemplateBehavior [ RunTime:0.012346s ]
INFO: [ view_parse ] --END-- [ RunTime:0.012420s ]
INFO: [ view_filter ] --START--
INFO: Run Behavior\WriteHtmlCacheBehavior [ RunTime:0.000336s ]
INFO: [ view_filter ] --END-- [ RunTime:0.000393s ]
INFO: [ app_end ] --START--
INFO: Run Behavior\ShowPageTraceBehavior [ RunTime:0.000623s ]
INFO: [ app_end ] --END-- [ RunTime:0.000683s ]

[ 2016-12-19T15:27:51+08:00 ] 127.0.0.1 /FS/index.php/Home/Index/login
INFO: [ app_init ] --START--
INFO: Run Behavior\BuildLiteBehavior [ RunTime:0.000013s ]
INFO: [ app_init ] --END-- [ RunTime:0.000311s ]
INFO: [ app_begin ] --START--
INFO: Run Behavior\ReadHtmlCacheBehavior [ RunTime:0.000450s ]
INFO: [ app_begin ] --END-- [ RunTime:0.000505s ]
SQL: SHOW COLUMNS FROM `teacher` [ RunTime:0.0060s ]
SQL: SELECT COUNT(*) AS tp_count FROM `teacher` WHERE `tel` = '13879456789' AND `password` = '123' LIMIT 1   [ RunTime:0.0004s ]

[ 2016-12-19T15:27:51+08:00 ] 127.0.0.1 /FS/index.php/Home/index/stulogin.html
INFO: [ app_init ] --START--
INFO: Run Behavior\BuildLiteBehavior [ RunTime:0.000015s ]
INFO: [ app_init ] --END-- [ RunTime:0.000363s ]
INFO: [ app_begin ] --START--
INFO: Run Behavior\ReadHtmlCacheBehavior [ RunTime:0.000487s ]
INFO: [ app_begin ] --END-- [ RunTime:0.000549s ]
SQL: SHOW COLUMNS FROM `student` [ RunTime:0.0058s ]
SQL: SELECT * FROM `student` WHERE `tel` = '13879456789' AND `password` = '123'  [ RunTime:0.0005s ]

[ 2016-12-19T15:27:51+08:00 ] 127.0.0.1 /FS/index.php/Home/student/index.html
INFO: [ app_init ] --START--
INFO: Run Behavior\BuildLiteBehavior [ RunTime:0.000015s ]
INFO: [ app_init ] --END-- [ RunTime:0.000428s ]
INFO: [ app_begin ] --START--
INFO: Run Behavior\ReadHtmlCacheBehavior [ RunTime:0.000428s ]
INFO: [ app_begin ] --END-- [ RunTime:0.000482s ]
SQL: SHOW COLUMNS FROM `student` [ RunTime:0.0059s ]
SQL: SELECT * FROM `student` ORDER BY starnum desc LIMIT 3   [ RunTime:0.0006s ]
SQL: SELECT * FROM `student` WHERE ( tel=13879456789 )  [ RunTime:0.0004s ]
SQL: SHOW COLUMNS FROM `homework` [ RunTime:0.0053s ]
SQL: SELECT * FROM `homework` ORDER BY homeworkid desc LIMIT 3   [ RunTime:0.0004s ]
INFO: [ view_parse ] --START--
INFO: [ template_filter ] --START--
INFO: Run Behavior\ContentReplaceBehavior [ RunTime:0.000091s ]
INFO: [ template_filter ] --END-- [ RunTime:0.000153s ]
INFO: Run Behavior\ParseTemplateBehavior [ RunTime:0.008722s ]
INFO: [ view_parse ] --END-- [ RunTime:0.008799s ]
INFO: [ view_filter ] --START--
INFO: Run Behavior\WriteHtmlCacheBehavior [ RunTime:0.000192s ]
INFO: [ view_filter ] --END-- [ RunTime:0.000235s ]
INFO: [ app_end ] --START--
INFO: Run Behavior\ShowPageTraceBehavior [ RunTime:0.000473s ]
INFO: [ app_end ] --END-- [ RunTime:0.000520s ]

[ 2016-12-19T15:34:15+08:00 ] 127.0.0.1 /FS/index.php/Home/student/index.html
INFO: [ app_init ] --START--
INFO: Run Behavior\BuildLiteBehavior [ RunTime:0.000016s ]
INFO: [ app_init ] --END-- [ RunTime:0.000414s ]
INFO: [ app_begin ] --START--
INFO: Run Behavior\ReadHtmlCacheBehavior [ RunTime:0.000628s ]
INFO: [ app_begin ] --END-- [ RunTime:0.000716s ]
SQL: SHOW COLUMNS FROM `student` [ RunTime:0.0051s ]
SQL: SELECT * FROM `student` ORDER BY starnum desc LIMIT 5   [ RunTime:0.0006s ]
SQL: SELECT * FROM `student` WHERE ( tel=13879456789 )  [ RunTime:0.0004s ]
SQL: SHOW COLUMNS FROM `homework` [ RunTime:0.0056s ]
SQL: SELECT * FROM `homework` ORDER BY homeworkid desc LIMIT 3   [ RunTime:0.0004s ]
INFO: [ view_parse ] --START--
INFO: [ template_filter ] --START--
INFO: Run Behavior\ContentReplaceBehavior [ RunTime:0.000102s ]
INFO: [ template_filter ] --END-- [ RunTime:0.000182s ]
INFO: Run Behavior\ParseTemplateBehavior [ RunTime:0.010298s ]
INFO: [ view_parse ] --END-- [ RunTime:0.010394s ]
INFO: [ view_filter ] --START--
INFO: Run Behavior\WriteHtmlCacheBehavior [ RunTime:0.000485s ]
INFO: [ view_filter ] --END-- [ RunTime:0.000565s ]
INFO: [ app_end ] --START--
INFO: Run Behavior\ShowPageTraceBehavior [ RunTime:0.001022s ]
INFO: [ app_end ] --END-- [ RunTime:0.001119s ]

[ 2016-12-19T15:44:02+08:00 ] 127.0.0.1 /FS/index.php/Home/student/index.html
INFO: [ app_init ] --START--
INFO: Run Behavior\BuildLiteBehavior [ RunTime:0.000033s ]
INFO: [ app_init ] --END-- [ RunTime:0.000813s ]
INFO: [ app_begin ] --START--
INFO: Run Behavior\ReadHtmlCacheBehavior [ RunTime:0.000554s ]
INFO: [ app_begin ] --END-- [ RunTime:0.000645s ]
SQL: SHOW COLUMNS FROM `student` [ RunTime:0.0051s ]
SQL: SELECT * FROM `student` ORDER BY starnum desc LIMIT 5   [ RunTime:0.0006s ]
SQL: SELECT * FROM `student` WHERE ( tel=13879456789 )  [ RunTime:0.0005s ]
SQL: SHOW COLUMNS FROM `homework` [ RunTime:0.0058s ]
SQL: SELECT * FROM `homework` ORDER BY homeworkid desc LIMIT 3   [ RunTime:0.0005s ]
INFO: [ view_parse ] --START--
INFO: [ template_filter ] --START--
INFO: Run Behavior\ContentReplaceBehavior [ RunTime:0.000121s ]
INFO: [ template_filter ] --END-- [ RunTime:0.000199s ]
INFO: Run Behavior\ParseTemplateBehavior [ RunTime:0.015878s ]
INFO: [ view_parse ] --END-- [ RunTime:0.016024s ]
INFO: [ view_filter ] --START--
INFO: Run Behavior\WriteHtmlCacheBehavior [ RunTime:0.000406s ]
INFO: [ view_filter ] --END-- [ RunTime:0.000479s ]
INFO: [ app_end ] --START--
INFO: Run Behavior\ShowPageTraceBehavior [ RunTime:0.000921s ]
INFO: [ app_end ] --END-- [ RunTime:0.001013s ]

[ 2016-12-19T15:56:27+08:00 ] 127.0.0.1 /FS/index.php/Home/student/index.html
INFO: [ app_init ] --START--
INFO: Run Behavior\BuildLiteBehavior [ RunTime:0.000014s ]
INFO: [ app_init ] --END-- [ RunTime:0.000354s ]
INFO: [ app_begin ] --START--
INFO: Run Behavior\ReadHtmlCacheBehavior [ RunTime:0.000553s ]
INFO: [ app_begin ] --END-- [ RunTime:0.000609s ]
SQL: SHOW COLUMNS FROM `student` [ RunTime:0.0056s ]
SQL: SELECT * FROM `student` ORDER BY starnum desc LIMIT 5   [ RunTime:0.0006s ]
SQL: SELECT * FROM `student` WHERE ( tel=13879456789 )  [ RunTime:0.0005s ]
SQL: SHOW COLUMNS FROM `homework` [ RunTime:0.0052s ]
SQL: SELECT * FROM `homework` ORDER BY homeworkid desc LIMIT 3   [ RunTime:0.0005s ]
INFO: [ view_parse ] --START--
INFO: [ template_filter ] --START--
INFO: Run Behavior\ContentReplaceBehavior [ RunTime:0.000119s ]
INFO: [ template_filter ] --END-- [ RunTime:0.000181s ]
INFO: Run Behavior\ParseTemplateBehavior [ RunTime:0.009766s ]
INFO: [ view_parse ] --END-- [ RunTime:0.009844s ]
INFO: [ view_filter ] --START--
INFO: Run Behavior\WriteHtmlCacheBehavior [ RunTime:0.000296s ]
INFO: [ view_filter ] --END-- [ RunTime:0.000352s ]
INFO: [ app_end ] --START--
INFO: Run Behavior\ShowPageTraceBehavior [ RunTime:0.000663s ]
INFO: [ app_end ] --END-- [ RunTime:0.000728s ]

[ 2016-12-19T15:59:02+08:00 ] 127.0.0.1 /FS/index.php/Home/student/index.html
INFO: [ app_init ] --START--
INFO: Run Behavior\BuildLiteBehavior [ RunTime:0.000026s ]
INFO: [ app_init ] --END-- [ RunTime:0.000706s ]
INFO: [ app_begin ] --START--
INFO: Run Behavior\ReadHtmlCacheBehavior [ RunTime:0.001081s ]
INFO: [ app_begin ] --END-- [ RunTime:0.001213s ]
SQL: SHOW COLUMNS FROM `student` [ RunTime:0.0056s ]
SQL: SELECT * FROM `student` ORDER BY starnum desc LIMIT 5   [ RunTime:0.0006s ]
SQL: SELECT * FROM `student` WHERE ( tel=13879456789 )  [ RunTime:0.0005s ]
SQL: SHOW COLUMNS FROM `homework` [ RunTime:0.0054s ]
SQL: SELECT * FROM `homework` ORDER BY homeworkid desc LIMIT 3   [ RunTime:0.0004s ]
INFO: [ view_parse ] --START--
INFO: [ template_filter ] --START--
INFO: Run Behavior\ContentReplaceBehavior [ RunTime:0.000099s ]
INFO: [ template_filter ] --END-- [ RunTime:0.000180s ]
INFO: Run Behavior\ParseTemplateBehavior [ RunTime:0.010298s ]
INFO: [ view_parse ] --END-- [ RunTime:0.010399s ]
INFO: [ view_filter ] --START--
INFO: Run Behavior\WriteHtmlCacheBehavior [ RunTime:0.000429s ]
INFO: [ view_filter ] --END-- [ RunTime:0.000487s ]
INFO: [ app_end ] --START--
INFO: Run Behavior\ShowPageTraceBehavior [ RunTime:0.000760s ]
INFO: [ app_end ] --END-- [ RunTime:0.000841s ]

[ 2016-12-19T15:59:18+08:00 ] 127.0.0.1 /FS/index.php/Home/student/index.html
INFO: [ app_init ] --START--
INFO: Run Behavior\BuildLiteBehavior [ RunTime:0.000024s ]
INFO: [ app_init ] --END-- [ RunTime:0.001406s ]
INFO: [ app_begin ] --START--
INFO: Run Behavior\ReadHtmlCacheBehavior [ RunTime:0.000931s ]
INFO: [ app_begin ] --END-- [ RunTime:0.001037s ]
SQL: SHOW COLUMNS FROM `student` [ RunTime:0.0076s ]
SQL: SELECT * FROM `student` ORDER BY starnum desc LIMIT 5   [ RunTime:0.0018s ]
SQL: SELECT * FROM `student` WHERE ( tel=13879456789 )  [ RunTime:0.0011s ]
SQL: SHOW COLUMNS FROM `homework` [ RunTime:0.0065s ]
SQL: SELECT * FROM `homework` ORDER BY homeworkid desc LIMIT 3   [ RunTime:0.0005s ]
INFO: [ view_parse ] --START--
INFO: [ template_filter ] --START--
INFO: Run Behavior\ContentReplaceBehavior [ RunTime:0.000106s ]
INFO: [ template_filter ] --END-- [ RunTime:0.000173s ]
INFO: Run Behavior\ParseTemplateBehavior [ RunTime:0.013489s ]
INFO: [ view_parse ] --END-- [ RunTime:0.013603s ]
INFO: [ view_filter ] --START--
INFO: Run Behavior\WriteHtmlCacheBehavior [ RunTime:0.000455s ]
INFO: [ view_filter ] --END-- [ RunTime:0.000533s ]
INFO: [ app_end ] --START--
INFO: Run Behavior\ShowPageTraceBehavior [ RunTime:0.000898s ]
INFO: [ app_end ] --END-- [ RunTime:0.000985s ]

[ 2016-12-19T15:59:40+08:00 ] 127.0.0.1 /FS/index.php/Home/student/index.html
INFO: [ app_init ] --START--
INFO: Run Behavior\BuildLiteBehavior [ RunTime:0.000016s ]
INFO: [ app_init ] --END-- [ RunTime:0.000404s ]
INFO: [ app_begin ] --START--
INFO: Run Behavior\ReadHtmlCacheBehavior [ RunTime:0.000609s ]
INFO: [ app_begin ] --END-- [ RunTime:0.000674s ]
SQL: SHOW COLUMNS FROM `student` [ RunTime:0.0054s ]
SQL: SELECT * FROM `student` ORDER BY starnum desc LIMIT 5   [ RunTime:0.0008s ]
SQL: SELECT * FROM `student` WHERE ( tel=13879456789 )  [ RunTime:0.0005s ]
SQL: SHOW COLUMNS FROM `homework` [ RunTime:0.0063s ]
SQL: SELECT * FROM `homework` ORDER BY homeworkid desc LIMIT 3   [ RunTime:0.0003s ]
INFO: [ view_parse ] --START--
INFO: [ template_filter ] --START--
INFO: Run Behavior\ContentReplaceBehavior [ RunTime:0.000171s ]
INFO: [ template_filter ] --END-- [ RunTime:0.000278s ]
INFO: Run Behavior\ParseTemplateBehavior [ RunTime:0.015366s ]
INFO: [ view_parse ] --END-- [ RunTime:0.015469s ]
INFO: [ view_filter ] --START--
INFO: Run Behavior\WriteHtmlCacheBehavior [ RunTime:0.000442s ]
INFO: [ view_filter ] --END-- [ RunTime:0.000521s ]
INFO: [ app_end ] --START--
INFO: Run Behavior\ShowPageTraceBehavior [ RunTime:0.000948s ]
INFO: [ app_end ] --END-- [ RunTime:0.001051s ]

[ 2016-12-19T16:02:14+08:00 ] 127.0.0.1 /FS/index.php/Home/student/index.html
INFO: [ app_init ] --START--
INFO: Run Behavior\BuildLiteBehavior [ RunTime:0.000014s ]
INFO: [ app_init ] --END-- [ RunTime:0.000351s ]
INFO: [ app_begin ] --START--
INFO: Run Behavior\ReadHtmlCacheBehavior [ RunTime:0.000586s ]
INFO: [ app_begin ] --END-- [ RunTime:0.000645s ]
SQL: SHOW COLUMNS FROM `student` [ RunTime:0.0050s ]
SQL: SELECT * FROM `student` ORDER BY starnum desc LIMIT 5   [ RunTime:0.0006s ]
SQL: SELECT * FROM `student` WHERE ( tel=13879456789 )  [ RunTime:0.0004s ]
SQL: SHOW COLUMNS FROM `homework` [ RunTime:0.0049s ]
SQL: SELECT * FROM `homework` ORDER BY homeworkid desc LIMIT 3   [ RunTime:0.0005s ]
INFO: [ view_parse ] --START--
INFO: [ template_filter ] --START--
INFO: Run Behavior\ContentReplaceBehavior [ RunTime:0.000094s ]
INFO: [ template_filter ] --END-- [ RunTime:0.000151s ]
INFO: Run Behavior\ParseTemplateBehavior [ RunTime:0.009224s ]
INFO: [ view_parse ] --END-- [ RunTime:0.009315s ]
INFO: [ view_filter ] --START--
INFO: Run Behavior\WriteHtmlCacheBehavior [ RunTime:0.000337s ]
INFO: [ view_filter ] --END-- [ RunTime:0.000388s ]
INFO: [ app_end ] --START--
INFO: Run Behavior\ShowPageTraceBehavior [ RunTime:0.000637s ]
INFO: [ app_end ] --END-- [ RunTime:0.000699s ]

[ 2016-12-19T16:02:54+08:00 ] 127.0.0.1 /FS/index.php/Home/student/index.html
INFO: [ app_init ] --START--
INFO: Run Behavior\BuildLiteBehavior [ RunTime:0.000015s ]
INFO: [ app_init ] --END-- [ RunTime:0.000372s ]
INFO: [ app_begin ] --START--
INFO: Run Behavior\ReadHtmlCacheBehavior [ RunTime:0.000790s ]
INFO: [ app_begin ] --END-- [ RunTime:0.000858s ]
SQL: SHOW COLUMNS FROM `student` [ RunTime:0.0057s ]
SQL: SELECT * FROM `student` ORDER BY starnum desc LIMIT 5   [ RunTime:0.0005s ]
SQL: SELECT * FROM `student` WHERE ( tel=13879456789 )  [ RunTime:0.0004s ]
SQL: SHOW COLUMNS FROM `homework` [ RunTime:0.0059s ]
SQL: SELECT * FROM `homework` ORDER BY homeworkid desc LIMIT 3   [ RunTime:0.0004s ]
INFO: [ view_parse ] --START--
INFO: [ template_filter ] --START--
INFO: Run Behavior\ContentReplaceBehavior [ RunTime:0.000107s ]
INFO: [ template_filter ] --END-- [ RunTime:0.000177s ]
INFO: Run Behavior\ParseTemplateBehavior [ RunTime:0.010191s ]
INFO: [ view_parse ] --END-- [ RunTime:0.010274s ]
INFO: [ view_filter ] --START--
INFO: Run Behavior\WriteHtmlCacheBehavior [ RunTime:0.000228s ]
INFO: [ view_filter ] --END-- [ RunTime:0.000278s ]
INFO: [ app_end ] --START--
INFO: Run Behavior\ShowPageTraceBehavior [ RunTime:0.000546s ]
INFO: [ app_end ] --END-- [ RunTime:0.000607s ]

[ 2016-12-19T16:04:31+08:00 ] 127.0.0.1 /FS/index.php/Home/student/index.html
INFO: [ app_init ] --START--
INFO: Run Behavior\BuildLiteBehavior [ RunTime:0.000017s ]
INFO: [ app_init ] --END-- [ RunTime:0.000424s ]
INFO: [ app_begin ] --START--
INFO: Run Behavior\ReadHtmlCacheBehavior [ RunTime:0.000631s ]
INFO: [ app_begin ] --END-- [ RunTime:0.000705s ]
SQL: SHOW COLUMNS FROM `student` [ RunTime:0.0068s ]
SQL: SELECT * FROM `student` ORDER BY starnum desc LIMIT 5   [ RunTime:0.0006s ]
SQL: SELECT * FROM `student` WHERE ( tel=13879456789 )  [ RunTime:0.0004s ]
SQL: SHOW COLUMNS FROM `homework` [ RunTime:0.0063s ]
SQL: SELECT * FROM `homework` ORDER BY homeworkid desc LIMIT 3   [ RunTime:0.0007s ]
INFO: [ view_parse ] --START--
INFO: [ template_filter ] --START--
INFO: Run Behavior\ContentReplaceBehavior [ RunTime:0.000167s ]
INFO: [ template_filter ] --END-- [ RunTime:0.000286s ]
INFO: Run Behavior\ParseTemplateBehavior [ RunTime:0.016619s ]
INFO: [ view_parse ] --END-- [ RunTime:0.016765s ]
INFO: [ view_filter ] --START--
INFO: Run Behavior\WriteHtmlCacheBehavior [ RunTime:0.000474s ]
INFO: [ view_filter ] --END-- [ RunTime:0.000565s ]
INFO: [ app_end ] --START--
INFO: Run Behavior\ShowPageTraceBehavior [ RunTime:0.000988s ]
INFO: [ app_end ] --END-- [ RunTime:0.001090s ]

[ 2016-12-19T16:05:07+08:00 ] 127.0.0.1 /FS/index.php/Home/teacher
INFO: [ app_init ] --START--
INFO: Run Behavior\BuildLiteBehavior [ RunTime:0.000024s ]
INFO: [ app_init ] --END-- [ RunTime:0.000610s ]
INFO: [ app_begin ] --START--
INFO: Run Behavior\ReadHtmlCacheBehavior [ RunTime:0.000918s ]
INFO: [ app_begin ] --END-- [ RunTime:0.001019s ]

[ 2016-12-19T16:05:07+08:00 ] 127.0.0.1 /FS/index.php/Home/index/login.html
INFO: [ app_init ] --START--
INFO: Run Behavior\BuildLiteBehavior [ RunTime:0.000025s ]
INFO: [ app_init ] --END-- [ RunTime:0.000664s ]
INFO: [ app_begin ] --START--
INFO: Run Behavior\ReadHtmlCacheBehavior [ RunTime:0.000765s ]
INFO: [ app_begin ] --END-- [ RunTime:0.000912s ]
INFO: [ view_parse ] --START--
INFO: [ template_filter ] --START--
INFO: Run Behavior\ContentReplaceBehavior [ RunTime:0.000144s ]
INFO: [ template_filter ] --END-- [ RunTime:0.000266s ]
INFO: Run Behavior\ParseTemplateBehavior [ RunTime:0.009930s ]
INFO: [ view_parse ] --END-- [ RunTime:0.010020s ]
INFO: [ view_filter ] --START--
INFO: Run Behavior\WriteHtmlCacheBehavior [ RunTime:0.000481s ]
INFO: [ view_filter ] --END-- [ RunTime:0.000571s ]
INFO: [ app_end ] --START--
INFO: Run Behavior\ShowPageTraceBehavior [ RunTime:0.000944s ]
INFO: [ app_end ] --END-- [ RunTime:0.001039s ]

[ 2016-12-19T16:05:17+08:00 ] 127.0.0.1 /FS/index.php/Home/Index/login
INFO: [ app_init ] --START--
INFO: Run Behavior\BuildLiteBehavior [ RunTime:0.000017s ]
INFO: [ app_init ] --END-- [ RunTime:0.000419s ]
INFO: [ app_begin ] --START--
INFO: Run Behavior\ReadHtmlCacheBehavior [ RunTime:0.000626s ]
INFO: [ app_begin ] --END-- [ RunTime:0.000700s ]
SQL: SHOW COLUMNS FROM `teacher` [ RunTime:0.0059s ]
SQL: SELECT COUNT(*) AS tp_count FROM `teacher` WHERE `tel` = '13866666666' AND `password` = '111' LIMIT 1   [ RunTime:0.0004s ]

[ 2016-12-19T16:05:17+08:00 ] 127.0.0.1 /FS/index.php/Home/teacher/index.html
INFO: [ app_init ] --START--
INFO: Run Behavior\BuildLiteBehavior [ RunTime:0.000015s ]
INFO: [ app_init ] --END-- [ RunTime:0.000355s ]
INFO: [ app_begin ] --START--
INFO: Run Behavior\ReadHtmlCacheBehavior [ RunTime:0.000483s ]
INFO: [ app_begin ] --END-- [ RunTime:0.000545s ]
SQL: SHOW COLUMNS FROM `teacher` [ RunTime:0.0057s ]
SQL: SELECT * FROM `teacher` WHERE ( tel='13866666666' )  [ RunTime:0.0004s ]
SQL: SHOW COLUMNS FROM `homework` [ RunTime:0.0051s ]
SQL: SELECT * FROM `homework` INNER JOIN student ON homework.student_id = student.id  LIMIT 5   [ RunTime:0.0006s ]
SQL: SHOW COLUMNS FROM `student` [ RunTime:0.0065s ]
SQL: SELECT * FROM `student` WHERE `teatel` = '13866666666' AND `finishtask` = 1  [ RunTime:0.0005s ]
INFO: [ view_parse ] --START--
INFO: [ template_filter ] --START--
INFO: Run Behavior\ContentReplaceBehavior [ RunTime:0.000111s ]
INFO: [ template_filter ] --END-- [ RunTime:0.000182s ]
INFO: Run Behavior\ParseTemplateBehavior [ RunTime:0.014781s ]
INFO: [ view_parse ] --END-- [ RunTime:0.014903s ]
INFO: [ view_filter ] --START--
INFO: Run Behavior\WriteHtmlCacheBehavior [ RunTime:0.000480s ]
INFO: [ view_filter ] --END-- [ RunTime:0.000571s ]
INFO: [ app_end ] --START--
INFO: Run Behavior\ShowPageTraceBehavior [ RunTime:0.000934s ]
INFO: [ app_end ] --END-- [ RunTime:0.001030s ]

[ 2016-12-19T16:05:25+08:00 ] 127.0.0.1 /FS/index.php/Home/Teacher/workpaper.html
INFO: [ app_init ] --START--
INFO: Run Behavior\BuildLiteBehavior [ RunTime:0.000025s ]
INFO: [ app_init ] --END-- [ RunTime:0.000648s ]
INFO: [ app_begin ] --START--
INFO: Run Behavior\ReadHtmlCacheBehavior [ RunTime:0.000849s ]
INFO: [ app_begin ] --END-- [ RunTime:0.000958s ]
SQL: SHOW COLUMNS FROM `teacher` [ RunTime:0.0050s ]
SQL: SELECT * FROM `teacher` WHERE ( tel='13866666666' )  [ RunTime:0.0004s ]
SQL: SHOW COLUMNS FROM `homework` [ RunTime:0.0055s ]
SQL: SELECT * FROM `homework` LIMIT 1   [ RunTime:0.0004s ]
INFO: [ view_parse ] --START--
INFO: [ template_filter ] --START--
INFO: Run Behavior\ContentReplaceBehavior [ RunTime:0.000091s ]
INFO: [ template_filter ] --END-- [ RunTime:0.000173s ]
INFO: Run Behavior\ParseTemplateBehavior [ RunTime:0.007734s ]
INFO: [ view_parse ] --END-- [ RunTime:0.007800s ]
INFO: [ view_filter ] --START--
INFO: Run Behavior\WriteHtmlCacheBehavior [ RunTime:0.000211s ]
INFO: [ view_filter ] --END-- [ RunTime:0.000268s ]
INFO: [ app_end ] --START--
INFO: Run Behavior\ShowPageTraceBehavior [ RunTime:0.000539s ]
INFO: [ app_end ] --END-- [ RunTime:0.000602s ]

[ 2016-12-19T16:05:28+08:00 ] 127.0.0.1 /FS/index.php/Home/Teacher/checkhomework.html
INFO: [ app_init ] --START--
INFO: Run Behavior\BuildLiteBehavior [ RunTime:0.000013s ]
INFO: [ app_init ] --END-- [ RunTime:0.000314s ]
INFO: [ app_begin ] --START--
INFO: Run Behavior\ReadHtmlCacheBehavior [ RunTime:0.000456s ]
INFO: [ app_begin ] --END-- [ RunTime:0.000512s ]
SQL: SHOW COLUMNS FROM `teacher` [ RunTime:0.0050s ]
SQL: SELECT * FROM `teacher` WHERE ( tel='13866666666' )  [ RunTime:0.0005s ]
SQL: SHOW COLUMNS FROM `student` [ RunTime:0.0050s ]
SQL: SELECT * FROM `student` WHERE ( teatel='13866666666' ) LIMIT 7   [ RunTime:0.0005s ]
INFO: [ view_parse ] --START--
INFO: [ template_filter ] --START--
INFO: Run Behavior\ContentReplaceBehavior [ RunTime:0.000127s ]
INFO: [ template_filter ] --END-- [ RunTime:0.000185s ]
INFO: Run Behavior\ParseTemplateBehavior [ RunTime:0.009785s ]
INFO: [ view_parse ] --END-- [ RunTime:0.009852s ]
INFO: [ view_filter ] --START--
INFO: Run Behavior\WriteHtmlCacheBehavior [ RunTime:0.000192s ]
INFO: [ view_filter ] --END-- [ RunTime:0.000239s ]
INFO: [ app_end ] --START--
INFO: Run Behavior\ShowPageTraceBehavior [ RunTime:0.000513s ]
INFO: [ app_end ] --END-- [ RunTime:0.000572s ]

[ 2016-12-19T16:07:39+08:00 ] 127.0.0.1 /FS/index.php/Home/Teacher/checkhomework.html
INFO: [ app_init ] --START--
INFO: Run Behavior\BuildLiteBehavior [ RunTime:0.000029s ]
INFO: [ app_init ] --END-- [ RunTime:0.000785s ]
INFO: [ app_begin ] --START--
INFO: Run Behavior\ReadHtmlCacheBehavior [ RunTime:0.001006s ]
INFO: [ app_begin ] --END-- [ RunTime:0.001116s ]
SQL: SHOW COLUMNS FROM `teacher` [ RunTime:0.0053s ]
SQL: SELECT * FROM `teacher` WHERE ( tel='13866666666' )  [ RunTime:0.0005s ]
SQL: SHOW COLUMNS FROM `student` [ RunTime:0.0053s ]
SQL: SELECT * FROM `student` WHERE ( teatel='13866666666' ) LIMIT 7   [ RunTime:0.0006s ]
INFO: [ view_parse ] --START--
INFO: [ template_filter ] --START--
INFO: Run Behavior\ContentReplaceBehavior [ RunTime:0.000099s ]
INFO: [ template_filter ] --END-- [ RunTime:0.000156s ]
INFO: Run Behavior\ParseTemplateBehavior [ RunTime:0.010208s ]
INFO: [ view_parse ] --END-- [ RunTime:0.010290s ]
INFO: [ view_filter ] --START--
INFO: Run Behavior\WriteHtmlCacheBehavior [ RunTime:0.000284s ]
INFO: [ view_filter ] --END-- [ RunTime:0.000328s ]
INFO: [ app_end ] --START--
INFO: Run Behavior\ShowPageTraceBehavior [ RunTime:0.000645s ]
INFO: [ app_end ] --END-- [ RunTime:0.000705s ]

[ 2016-12-19T16:07:45+08:00 ] 127.0.0.1 /FS/index.php/Home/Teacher/checkhomework.html
INFO: [ app_init ] --START--
INFO: Run Behavior\BuildLiteBehavior [ RunTime:0.000026s ]
INFO: [ app_init ] --END-- [ RunTime:0.000639s ]
INFO: [ app_begin ] --START--
INFO: Run Behavior\ReadHtmlCacheBehavior [ RunTime:0.000984s ]
INFO: [ app_begin ] --END-- [ RunTime:0.001118s ]
SQL: SHOW COLUMNS FROM `teacher` [ RunTime:0.0071s ]
SQL: SELECT * FROM `teacher` WHERE ( tel='13866666666' )  [ RunTime:0.0006s ]
SQL: SHOW COLUMNS FROM `student` [ RunTime:0.0065s ]
SQL: SELECT * FROM `student` WHERE ( teatel='13866666666' ) LIMIT 7   [ RunTime:0.0005s ]
INFO: [ view_parse ] --START--
INFO: [ template_filter ] --START--
INFO: Run Behavior\ContentReplaceBehavior [ RunTime:0.000186s ]
INFO: [ template_filter ] --END-- [ RunTime:0.000322s ]
INFO: Run Behavior\ParseTemplateBehavior [ RunTime:0.017740s ]
INFO: [ view_parse ] --END-- [ RunTime:0.017851s ]
INFO: [ view_filter ] --START--
INFO: Run Behavior\WriteHtmlCacheBehavior [ RunTime:0.000405s ]
INFO: [ view_filter ] --END-- [ RunTime:0.000468s ]
INFO: [ app_end ] --START--
INFO: Run Behavior\ShowPageTraceBehavior [ RunTime:0.000963s ]
INFO: [ app_end ] --END-- [ RunTime:0.001067s ]

[ 2016-12-19T16:08:46+08:00 ] 127.0.0.1 /FS/index.php/Home/Teacher/checkhomework.html
INFO: [ app_init ] --START--
INFO: Run Behavior\BuildLiteBehavior [ RunTime:0.000014s ]
INFO: [ app_init ] --END-- [ RunTime:0.000351s ]
INFO: [ app_begin ] --START--
INFO: Run Behavior\ReadHtmlCacheBehavior [ RunTime:0.000676s ]
INFO: [ app_begin ] --END-- [ RunTime:0.000736s ]
SQL: SHOW COLUMNS FROM `teacher` [ RunTime:0.0053s ]
SQL: SELECT * FROM `teacher` WHERE ( tel='13866666666' )  [ RunTime:0.0005s ]
SQL: SHOW COLUMNS FROM `student` [ RunTime:0.0049s ]
SQL: SELECT * FROM `student` WHERE ( teatel='13866666666' ) LIMIT 7   [ RunTime:0.0005s ]
INFO: [ view_parse ] --START--
INFO: [ template_filter ] --START--
INFO: Run Behavior\ContentReplaceBehavior [ RunTime:0.000100s ]
INFO: [ template_filter ] --END-- [ RunTime:0.000157s ]
NOTIC: [8] Undefined variable: homework E:\WebServer\wwwroot\FS\Application\Runtime\Cache\Home\a6e14211d0ebc1c7db1bd5a4fed7700d.php 第 136 行.
INFO: Run Behavior\ParseTemplateBehavior [ RunTime:0.010509s ]
INFO: [ view_parse ] --END-- [ RunTime:0.010572s ]
INFO: [ view_filter ] --START--
INFO: Run Behavior\WriteHtmlCacheBehavior [ RunTime:0.000307s ]
INFO: [ view_filter ] --END-- [ RunTime:0.000352s ]
INFO: [ app_end ] --START--
INFO: Run Behavior\ShowPageTraceBehavior [ RunTime:0.000643s ]
INFO: [ app_end ] --END-- [ RunTime:0.000704s ]

[ 2016-12-19T16:11:37+08:00 ] 127.0.0.1 /FS/index.php/Home/Teacher/checkhomework.html
INFO: [ app_init ] --START--
INFO: Run Behavior\BuildLiteBehavior [ RunTime:0.000013s ]
INFO: [ app_init ] --END-- [ RunTime:0.000353s ]
INFO: [ app_begin ] --START--
INFO: Run Behavior\ReadHtmlCacheBehavior [ RunTime:0.000576s ]
INFO: [ app_begin ] --END-- [ RunTime:0.000655s ]
SQL: SHOW COLUMNS FROM `teacher` [ RunTime:0.0049s ]
SQL: SELECT * FROM `teacher` WHERE ( tel='13866666666' )  [ RunTime:0.0005s ]

[ 2016-12-19T16:12:32+08:00 ] 127.0.0.1 /FS/index.php/Home/Teacher/workpaper.html
INFO: [ app_init ] --START--
INFO: Run Behavior\BuildLiteBehavior [ RunTime:0.000020s ]
INFO: [ app_init ] --END-- [ RunTime:0.000559s ]
INFO: [ app_begin ] --START--
INFO: Run Behavior\ReadHtmlCacheBehavior [ RunTime:0.000546s ]
INFO: [ app_begin ] --END-- [ RunTime:0.000607s ]
SQL: SHOW COLUMNS FROM `teacher` [ RunTime:0.0053s ]
SQL: SELECT * FROM `teacher` WHERE ( tel='13866666666' )  [ RunTime:0.0005s ]
SQL: SHOW COLUMNS FROM `homework` [ RunTime:0.0049s ]
SQL: SELECT * FROM `homework` LIMIT 1   [ RunTime:0.0004s ]
INFO: [ view_parse ] --START--
INFO: [ template_filter ] --START--
INFO: Run Behavior\ContentReplaceBehavior [ RunTime:0.000085s ]
INFO: [ template_filter ] --END-- [ RunTime:0.000144s ]
INFO: Run Behavior\ParseTemplateBehavior [ RunTime:0.008509s ]
INFO: [ view_parse ] --END-- [ RunTime:0.008598s ]
INFO: [ view_filter ] --START--
INFO: Run Behavior\WriteHtmlCacheBehavior [ RunTime:0.000278s ]
INFO: [ view_filter ] --END-- [ RunTime:0.000324s ]
INFO: [ app_end ] --START--
INFO: Run Behavior\ShowPageTraceBehavior [ RunTime:0.000813s ]
INFO: [ app_end ] --END-- [ RunTime:0.000909s ]

[ 2016-12-19T16:12:33+08:00 ] 127.0.0.1 /FS/index.php/Home/Teacher/checkhomework.html
INFO: [ app_init ] --START--
INFO: Run Behavior\BuildLiteBehavior [ RunTime:0.000023s ]
INFO: [ app_init ] --END-- [ RunTime:0.000580s ]
INFO: [ app_begin ] --START--
INFO: Run Behavior\ReadHtmlCacheBehavior [ RunTime:0.000758s ]
INFO: [ app_begin ] --END-- [ RunTime:0.000856s ]
SQL: SHOW COLUMNS FROM `teacher` [ RunTime:0.0071s ]
SQL: SELECT * FROM `teacher` WHERE ( tel='13866666666' )  [ RunTime:0.0005s ]

[ 2016-12-19T16:12:39+08:00 ] 127.0.0.1 /FS/index.php/Home/Teacher/checkhomework.html
INFO: [ app_init ] --START--
INFO: Run Behavior\BuildLiteBehavior [ RunTime:0.000016s ]
INFO: [ app_init ] --END-- [ RunTime:0.000366s ]
INFO: [ app_begin ] --START--
INFO: Run Behavior\ReadHtmlCacheBehavior [ RunTime:0.000562s ]
INFO: [ app_begin ] --END-- [ RunTime:0.000646s ]
SQL: SHOW COLUMNS FROM `teacher` [ RunTime:0.0079s ]
SQL: SELECT * FROM `teacher` WHERE ( tel='13866666666' )  [ RunTime:0.0005s ]
SQL: SHOW COLUMNS FROM `homework` [ RunTime:0.0071s ]
SQL: SELECT * FROM `homework` WHERE ( teacher_id='2016011820' )  [ RunTime:0.0005s ]
SQL: SHOW COLUMNS FROM `student` [ RunTime:0.0076s ]
SQL: SELECT * FROM `student` WHERE ( teatel='13866666666' ) LIMIT 7   [ RunTime:0.0006s ]
INFO: [ view_parse ] --START--
INFO: [ template_filter ] --START--
INFO: Run Behavior\ContentReplaceBehavior [ RunTime:0.000252s ]
INFO: [ template_filter ] --END-- [ RunTime:0.000411s ]
NOTIC: [8] Undefined index: startime E:\WebServer\wwwroot\FS\Application\Runtime\Cache\Home\a6e14211d0ebc1c7db1bd5a4fed7700d.php 第 136 行.
INFO: Run Behavior\ParseTemplateBehavior [ RunTime:0.015044s ]
INFO: [ view_parse ] --END-- [ RunTime:0.015146s ]
INFO: [ view_filter ] --START--
INFO: Run Behavior\WriteHtmlCacheBehavior [ RunTime:0.000318s ]
INFO: [ view_filter ] --END-- [ RunTime:0.000397s ]
INFO: [ app_end ] --START--
INFO: Run Behavior\ShowPageTraceBehavior [ RunTime:0.000951s ]
INFO: [ app_end ] --END-- [ RunTime:0.001058s ]

[ 2016-12-19T16:12:56+08:00 ] 127.0.0.1 /FS/index.php/Home/Teacher/checkhomework.html
INFO: [ app_init ] --START--
INFO: Run Behavior\BuildLiteBehavior [ RunTime:0.000026s ]
INFO: [ app_init ] --END-- [ RunTime:0.000659s ]
INFO: [ app_begin ] --START--
INFO: Run Behavior\ReadHtmlCacheBehavior [ RunTime:0.000980s ]
INFO: [ app_begin ] --END-- [ RunTime:0.001093s ]
SQL: SHOW COLUMNS FROM `teacher` [ RunTime:0.0080s ]
SQL: SELECT * FROM `teacher` WHERE ( tel='13866666666' )  [ RunTime:0.0007s ]
SQL: SHOW COLUMNS FROM `homework` [ RunTime:0.0088s ]
SQL: SELECT * FROM `homework` WHERE ( teacher_id='2016011820' )  [ RunTime:0.0006s ]

[ 2016-12-19T16:13:16+08:00 ] 127.0.0.1 /FS/index.php/Home/Teacher/checkhomework.html
INFO: [ app_init ] --START--
INFO: Run Behavior\BuildLiteBehavior [ RunTime:0.000021s ]
INFO: [ app_init ] --END-- [ RunTime:0.000385s ]
INFO: [ app_begin ] --START--
INFO: Run Behavior\ReadHtmlCacheBehavior [ RunTime:0.000563s ]
INFO: [ app_begin ] --END-- [ RunTime:0.000638s ]
SQL: SHOW COLUMNS FROM `teacher` [ RunTime:0.0078s ]
SQL: SELECT * FROM `teacher` WHERE ( tel='13866666666' )  [ RunTime:0.0004s ]
SQL: SHOW COLUMNS FROM `homework` [ RunTime:0.0065s ]
SQL: SELECT * FROM `homework` WHERE ( teacher_id='2016011820' )  [ RunTime:0.0004s ]
SQL: SHOW COLUMNS FROM `student` [ RunTime:0.0061s ]
SQL: SELECT * FROM `student` WHERE ( teatel='13866666666' ) LIMIT 7   [ RunTime:0.0005s ]
INFO: [ view_parse ] --START--
INFO: [ template_filter ] --START--
INFO: Run Behavior\ContentReplaceBehavior [ RunTime:0.000121s ]
INFO: [ template_filter ] --END-- [ RunTime:0.000192s ]
INFO: Run Behavior\ParseTemplateBehavior [ RunTime:0.012107s ]
INFO: [ view_parse ] --END-- [ RunTime:0.012208s ]
INFO: [ view_filter ] --START--
INFO: Run Behavior\WriteHtmlCacheBehavior [ RunTime:0.000352s ]
INFO: [ view_filter ] --END-- [ RunTime:0.000443s ]
INFO: [ app_end ] --START--
INFO: Run Behavior\ShowPageTraceBehavior [ RunTime:0.001175s ]
INFO: [ app_end ] --END-- [ RunTime:0.001294s ]

[ 2016-12-19T16:13:28+08:00 ] 127.0.0.1 /FS/index.php/Home/Teacher/checkhomework.html
INFO: [ app_init ] --START--
INFO: Run Behavior\BuildLiteBehavior [ RunTime:0.000015s ]
INFO: [ app_init ] --END-- [ RunTime:0.000437s ]
INFO: [ app_begin ] --START--
INFO: Run Behavior\ReadHtmlCacheBehavior [ RunTime:0.000490s ]
INFO: [ app_begin ] --END-- [ RunTime:0.000558s ]
SQL: SHOW COLUMNS FROM `teacher` [ RunTime:0.0051s ]
SQL: SELECT * FROM `teacher` WHERE ( tel='13866666666' )  [ RunTime:0.0004s ]
SQL: SHOW COLUMNS FROM `homework` [ RunTime:0.0059s ]
SQL: SELECT * FROM `homework` WHERE ( teacher_id='2016011820' )  [ RunTime:0.0004s ]
SQL: SHOW COLUMNS FROM `student` [ RunTime:0.0067s ]
SQL: SELECT * FROM `student` WHERE ( teatel='13866666666' ) LIMIT 7   [ RunTime:0.0005s ]
INFO: [ view_parse ] --START--
INFO: [ template_filter ] --START--
INFO: Run Behavior\ContentReplaceBehavior [ RunTime:0.000112s ]
INFO: [ template_filter ] --END-- [ RunTime:0.000181s ]
INFO: Run Behavior\ParseTemplateBehavior [ RunTime:0.011077s ]
INFO: [ view_parse ] --END-- [ RunTime:0.011169s ]
INFO: [ view_filter ] --START--
INFO: Run Behavior\WriteHtmlCacheBehavior [ RunTime:0.000342s ]
INFO: [ view_filter ] --END-- [ RunTime:0.000396s ]
INFO: [ app_end ] --START--
INFO: Run Behavior\ShowPageTraceBehavior [ RunTime:0.000960s ]
INFO: [ app_end ] --END-- [ RunTime:0.001070s ]

[ 2016-12-19T16:41:33+08:00 ] 127.0.0.1 /FS/index.php/Home/Teacher/checkhomework.html
INFO: [ app_init ] --START--
INFO: Run Behavior\BuildLiteBehavior [ RunTime:0.000013s ]
INFO: [ app_init ] --END-- [ RunTime:0.000379s ]
INFO: [ app_begin ] --START--
INFO: Run Behavior\ReadHtmlCacheBehavior [ RunTime:0.000608s ]
INFO: [ app_begin ] --END-- [ RunTime:0.000678s ]
SQL: SHOW COLUMNS FROM `teacher` [ RunTime:0.0052s ]
SQL: SELECT * FROM `teacher` WHERE ( tel='13866666666' )  [ RunTime:0.0005s ]
SQL: SHOW COLUMNS FROM `homework` [ RunTime:0.0048s ]
SQL: SELECT * FROM `homework` WHERE ( teacher_id='2016011820' )  [ RunTime:0.0004s ]
SQL: SHOW COLUMNS FROM `student` [ RunTime:0.0052s ]
SQL: SELECT * FROM `student` WHERE ( teatel='13866666666' ) LIMIT 7   [ RunTime:0.0005s ]
INFO: [ view_parse ] --START--
INFO: [ template_filter ] --START--
INFO: Run Behavior\ContentReplaceBehavior [ RunTime:0.000119s ]
INFO: [ template_filter ] --END-- [ RunTime:0.000184s ]
INFO: Run Behavior\ParseTemplateBehavior [ RunTime:0.010349s ]
INFO: [ view_parse ] --END-- [ RunTime:0.010423s ]
INFO: [ view_filter ] --START--
INFO: Run Behavior\WriteHtmlCacheBehavior [ RunTime:0.000310s ]
INFO: [ view_filter ] --END-- [ RunTime:0.000357s ]
INFO: [ app_end ] --START--
INFO: Run Behavior\ShowPageTraceBehavior [ RunTime:0.000614s ]
INFO: [ app_end ] --END-- [ RunTime:0.000677s ]

[ 2016-12-19T16:42:45+08:00 ] 127.0.0.1 /FS/index.php/Home/Teacher/guestbook.html
INFO: [ app_init ] --START--
INFO: Run Behavior\BuildLiteBehavior [ RunTime:0.000016s ]
INFO: [ app_init ] --END-- [ RunTime:0.000403s ]
INFO: [ app_begin ] --START--
INFO: Run Behavior\ReadHtmlCacheBehavior [ RunTime:0.000624s ]
INFO: [ app_begin ] --END-- [ RunTime:0.000695s ]
SQL: SHOW COLUMNS FROM `teacher` [ RunTime:0.0063s ]
SQL: SELECT * FROM `teacher` WHERE ( tel='13866666666' )  [ RunTime:0.0004s ]
SQL: SHOW COLUMNS FROM `student` [ RunTime:0.0047s ]
SQL: SELECT * FROM `student` WHERE ( teatel='13866666666' )  [ RunTime:0.0005s ]
INFO: [ view_parse ] --START--
INFO: [ template_filter ] --START--
INFO: Run Behavior\ContentReplaceBehavior [ RunTime:0.000147s ]
INFO: [ template_filter ] --END-- [ RunTime:0.000210s ]
NOTIC: [8] Undefined variable: message E:\WebServer\wwwroot\FS\Application\Runtime\Cache\Home\cb44c012fd0bd58f292a5b8f7bcd4566.php 第 121 行.
NOTIC: [8] Undefined variable: page E:\WebServer\wwwroot\FS\Application\Runtime\Cache\Home\cb44c012fd0bd58f292a5b8f7bcd4566.php 第 144 行.
INFO: Run Behavior\ParseTemplateBehavior [ RunTime:0.011289s ]
INFO: [ view_parse ] --END-- [ RunTime:0.011359s ]
INFO: [ view_filter ] --START--
INFO: Run Behavior\WriteHtmlCacheBehavior [ RunTime:0.000333s ]
INFO: [ view_filter ] --END-- [ RunTime:0.000384s ]
INFO: [ app_end ] --START--
INFO: Run Behavior\ShowPageTraceBehavior [ RunTime:0.001002s ]
INFO: [ app_end ] --END-- [ RunTime:0.001100s ]

[ 2016-12-19T16:43:00+08:00 ] 127.0.0.1 /FS/index.php/Home/Teacher/showMessage
INFO: [ app_init ] --START--
INFO: Run Behavior\BuildLiteBehavior [ RunTime:0.000040s ]
INFO: [ app_init ] --END-- [ RunTime:0.001038s ]
INFO: [ app_begin ] --START--
INFO: Run Behavior\ReadHtmlCacheBehavior [ RunTime:0.001425s ]
INFO: [ app_begin ] --END-- [ RunTime:0.001598s ]
SQL: SHOW COLUMNS FROM `student` [ RunTime:0.0075s ]
SQL: SELECT * FROM `student` WHERE ( realname='李小明' )  [ RunTime:0.0007s ]
SQL: SHOW COLUMNS FROM `message_board` [ RunTime:0.0074s ]
SQL: SELECT COUNT(*) AS tp_count FROM `message_board` LIMIT 1   [ RunTime:0.0008s ]
NOTIC: [2] Missing argument 1 for Think\Model::join(), called in E:\WebServer\wwwroot\FS\Application\Home\Controller\TeacherController.class.php on line 209 and defined E:\WebServer\wwwroot\FS\ThinkPHP\Library\Think\Model.class.php 第 1664 行.
NOTIC: [8] Undefined variable: join E:\WebServer\wwwroot\FS\ThinkPHP\Library\Think\Model.class.php 第 1666 行.
SQL: SELECT * FROM `message_board` WHERE ( student_id='2016011101' ) ORDER BY parenttime asc LIMIT 0,1   [ RunTime:0.0006s ]
INFO: [ app_end ] --START--
INFO: Run Behavior\ShowPageTraceBehavior [ RunTime:0.000733s ]
INFO: [ app_end ] --END-- [ RunTime:0.000808s ]

[ 2016-12-19T16:46:08+08:00 ] 127.0.0.1 /FS/index.php/Home/Teacher/guestbook.html
INFO: [ app_init ] --START--
INFO: Run Behavior\BuildLiteBehavior [ RunTime:0.000026s ]
INFO: [ app_init ] --END-- [ RunTime:0.000647s ]
INFO: [ app_begin ] --START--
INFO: Run Behavior\ReadHtmlCacheBehavior [ RunTime:0.000913s ]
INFO: [ app_begin ] --END-- [ RunTime:0.001013s ]
SQL: SHOW COLUMNS FROM `teacher` [ RunTime:0.0049s ]
SQL: SELECT * FROM `teacher` WHERE ( tel='13866666666' )  [ RunTime:0.0005s ]
SQL: SHOW COLUMNS FROM `student` [ RunTime:0.0052s ]
SQL: SELECT * FROM `student` WHERE ( teatel='13866666666' )  [ RunTime:0.0006s ]
INFO: [ view_parse ] --START--
INFO: [ template_filter ] --START--
INFO: Run Behavior\ContentReplaceBehavior [ RunTime:0.000131s ]
INFO: [ template_filter ] --END-- [ RunTime:0.000191s ]
NOTIC: [8] Undefined variable: message E:\WebServer\wwwroot\FS\Application\Runtime\Cache\Home\cb44c012fd0bd58f292a5b8f7bcd4566.php 第 121 行.
NOTIC: [8] Undefined variable: page E:\WebServer\wwwroot\FS\Application\Runtime\Cache\Home\cb44c012fd0bd58f292a5b8f7bcd4566.php 第 144 行.
INFO: Run Behavior\ParseTemplateBehavior [ RunTime:0.011455s ]
INFO: [ view_parse ] --END-- [ RunTime:0.011534s ]
INFO: [ view_filter ] --START--
INFO: Run Behavior\WriteHtmlCacheBehavior [ RunTime:0.000351s ]
INFO: [ view_filter ] --END-- [ RunTime:0.000453s ]
INFO: [ app_end ] --START--
INFO: Run Behavior\ShowPageTraceBehavior [ RunTime:0.000859s ]
INFO: [ app_end ] --END-- [ RunTime:0.000931s ]

[ 2016-12-19T16:46:11+08:00 ] 127.0.0.1 /FS/index.php/Home/Teacher/showMessage
INFO: [ app_init ] --START--
INFO: Run Behavior\BuildLiteBehavior [ RunTime:0.000013s ]
INFO: [ app_init ] --END-- [ RunTime:0.000401s ]
INFO: [ app_begin ] --START--
INFO: Run Behavior\ReadHtmlCacheBehavior [ RunTime:0.000685s ]
INFO: [ app_begin ] --END-- [ RunTime:0.000779s ]
SQL: SHOW COLUMNS FROM `student` [ RunTime:0.0048s ]
SQL: SELECT * FROM `student` WHERE ( realname='李小明' )  [ RunTime:0.0005s ]
SQL: SHOW COLUMNS FROM `message_board` [ RunTime:0.0048s ]
SQL: SELECT COUNT(*) AS tp_count FROM `message_board` LIMIT 1   [ RunTime:0.0004s ]
NOTIC: [2] Missing argument 1 for Think\Model::join(), called in E:\WebServer\wwwroot\FS\Application\Home\Controller\TeacherController.class.php on line 209 and defined E:\WebServer\wwwroot\FS\ThinkPHP\Library\Think\Model.class.php 第 1664 行.
NOTIC: [8] Undefined variable: join E:\WebServer\wwwroot\FS\ThinkPHP\Library\Think\Model.class.php 第 1666 行.
SQL: SELECT * FROM `message_board` WHERE ( student_id='2016011101' ) ORDER BY parenttime asc LIMIT 0,1   [ RunTime:0.0004s ]
INFO: [ app_end ] --START--
INFO: Run Behavior\ShowPageTraceBehavior [ RunTime:0.000508s ]
INFO: [ app_end ] --END-- [ RunTime:0.000563s ]

[ 2016-12-19T16:50:52+08:00 ] 127.0.0.1 /FS/index.php/Home/Teacher/guestbook.html
INFO: [ app_init ] --START--
INFO: Run Behavior\BuildLiteBehavior [ RunTime:0.000015s ]
INFO: [ app_init ] --END-- [ RunTime:0.000412s ]
INFO: [ app_begin ] --START--
INFO: Run Behavior\ReadHtmlCacheBehavior [ RunTime:0.000640s ]
INFO: [ app_begin ] --END-- [ RunTime:0.000713s ]
SQL: SHOW COLUMNS FROM `teacher` [ RunTime:0.0093s ]
SQL: SELECT * FROM `teacher` WHERE ( tel='13866666666' )  [ RunTime:0.0006s ]
SQL: SHOW COLUMNS FROM `student` [ RunTime:0.0074s ]
SQL: SELECT * FROM `student` WHERE ( teatel='13866666666' )  [ RunTime:0.0006s ]
INFO: [ view_parse ] --START--
INFO: [ template_filter ] --START--
INFO: Run Behavior\ContentReplaceBehavior [ RunTime:0.000210s ]
INFO: [ template_filter ] --END-- [ RunTime:0.000318s ]
NOTIC: [8] Undefined variable: message E:\WebServer\wwwroot\FS\Application\Runtime\Cache\Home\cb44c012fd0bd58f292a5b8f7bcd4566.php 第 121 行.
NOTIC: [8] Undefined variable: page E:\WebServer\wwwroot\FS\Application\Runtime\Cache\Home\cb44c012fd0bd58f292a5b8f7bcd4566.php 第 144 行.
INFO: Run Behavior\ParseTemplateBehavior [ RunTime:0.019396s ]
INFO: [ view_parse ] --END-- [ RunTime:0.019497s ]
INFO: [ view_filter ] --START--
INFO: Run Behavior\WriteHtmlCacheBehavior [ RunTime:0.000455s ]
INFO: [ view_filter ] --END-- [ RunTime:0.000537s ]
INFO: [ app_end ] --START--
INFO: Run Behavior\ShowPageTraceBehavior [ RunTime:0.000889s ]
INFO: [ app_end ] --END-- [ RunTime:0.000986s ]

[ 2016-12-19T16:52:01+08:00 ] 127.0.0.1 /FS/index.php/Home/Teacher/guestbook.html
INFO: [ app_init ] --START--
INFO: Run Behavior\BuildLiteBehavior [ RunTime:0.000015s ]
INFO: [ app_init ] --END-- [ RunTime:0.000470s ]
INFO: [ app_begin ] --START--
INFO: Run Behavior\ReadHtmlCacheBehavior [ RunTime:0.000930s ]
INFO: [ app_begin ] --END-- [ RunTime:0.001037s ]
SQL: SHOW COLUMNS FROM `teacher` [ RunTime:0.0062s ]
SQL: SELECT * FROM `teacher` WHERE ( tel='13866666666' )  [ RunTime:0.0005s ]
SQL: SHOW COLUMNS FROM `student` [ RunTime:0.0054s ]
SQL: SELECT * FROM `student` WHERE ( teatel='13866666666' )  [ RunTime:0.0005s ]
INFO: [ view_parse ] --START--
INFO: [ template_filter ] --START--
INFO: Run Behavior\ContentReplaceBehavior [ RunTime:0.000211s ]
INFO: [ template_filter ] --END-- [ RunTime:0.000338s ]
NOTIC: [8] Undefined variable: message E:\WebServer\wwwroot\FS\Application\Runtime\Cache\Home\cb44c012fd0bd58f292a5b8f7bcd4566.php 第 121 行.
NOTIC: [8] Undefined variable: page E:\WebServer\wwwroot\FS\Application\Runtime\Cache\Home\cb44c012fd0bd58f292a5b8f7bcd4566.php 第 144 行.
INFO: Run Behavior\ParseTemplateBehavior [ RunTime:0.012375s ]
INFO: [ view_parse ] --END-- [ RunTime:0.012443s ]
INFO: [ view_filter ] --START--
INFO: Run Behavior\WriteHtmlCacheBehavior [ RunTime:0.000291s ]
INFO: [ view_filter ] --END-- [ RunTime:0.000337s ]
INFO: [ app_end ] --START--
INFO: Run Behavior\ShowPageTraceBehavior [ RunTime:0.000767s ]
INFO: [ app_end ] --END-- [ RunTime:0.000836s ]

[ 2016-12-19T16:52:03+08:00 ] 127.0.0.1 /FS/index.php/Home/Teacher/showMessage
INFO: [ app_init ] --START--
INFO: Run Behavior\BuildLiteBehavior [ RunTime:0.000026s ]
INFO: [ app_init ] --END-- [ RunTime:0.000557s ]
INFO: [ app_begin ] --START--
INFO: Run Behavior\ReadHtmlCacheBehavior [ RunTime:0.000764s ]
INFO: [ app_begin ] --END-- [ RunTime:0.000875s ]
SQL: SHOW COLUMNS FROM `student` [ RunTime:0.0052s ]
SQL: SELECT * FROM `student` WHERE ( realname='李小明' )  [ RunTime:0.0005s ]
SQL: SHOW COLUMNS FROM `message_board` [ RunTime:0.0050s ]
SQL: SELECT COUNT(*) AS tp_count FROM `message_board` LIMIT 1   [ RunTime:0.0003s ]
NOTIC: [2] Missing argument 1 for Think\Model::join(), called in E:\WebServer\wwwroot\FS\Application\Home\Controller\TeacherController.class.php on line 209 and defined E:\WebServer\wwwroot\FS\ThinkPHP\Library\Think\Model.class.php 第 1664 行.
NOTIC: [8] Undefined variable: join E:\WebServer\wwwroot\FS\ThinkPHP\Library\Think\Model.class.php 第 1666 行.
SQL: SELECT * FROM `message_board` WHERE ( student_id='2016011101' ) ORDER BY parenttime asc LIMIT 0,1   [ RunTime:0.0004s ]
INFO: [ app_end ] --START--
INFO: Run Behavior\ShowPageTraceBehavior [ RunTime:0.000832s ]
INFO: [ app_end ] --END-- [ RunTime:0.000917s ]

[ 2016-12-19T16:53:18+08:00 ] 127.0.0.1 /FS/index.php/Home/Teacher/guestbook.html
INFO: [ app_init ] --START--
INFO: Run Behavior\BuildLiteBehavior [ RunTime:0.000014s ]
INFO: [ app_init ] --END-- [ RunTime:0.000361s ]
INFO: [ app_begin ] --START--
INFO: Run Behavior\ReadHtmlCacheBehavior [ RunTime:0.000615s ]
INFO: [ app_begin ] --END-- [ RunTime:0.000684s ]
SQL: SHOW COLUMNS FROM `teacher` [ RunTime:0.0051s ]
SQL: SELECT * FROM `teacher` WHERE ( tel='13866666666' )  [ RunTime:0.0006s ]
SQL: SHOW COLUMNS FROM `student` [ RunTime:0.0048s ]
SQL: SELECT * FROM `student` WHERE ( teatel='13866666666' )  [ RunTime:0.0006s ]
INFO: [ view_parse ] --START--
INFO: [ template_filter ] --START--
INFO: Run Behavior\ContentReplaceBehavior [ RunTime:0.000145s ]
INFO: [ template_filter ] --END-- [ RunTime:0.000212s ]
NOTIC: [8] Undefined variable: message E:\WebServer\wwwroot\FS\Application\Runtime\Cache\Home\cb44c012fd0bd58f292a5b8f7bcd4566.php 第 121 行.
NOTIC: [8] Undefined variable: page E:\WebServer\wwwroot\FS\Application\Runtime\Cache\Home\cb44c012fd0bd58f292a5b8f7bcd4566.php 第 144 行.
INFO: Run Behavior\ParseTemplateBehavior [ RunTime:0.012509s ]
INFO: [ view_parse ] --END-- [ RunTime:0.012589s ]
INFO: [ view_filter ] --START--
INFO: Run Behavior\WriteHtmlCacheBehavior [ RunTime:0.000328s ]
INFO: [ view_filter ] --END-- [ RunTime:0.000377s ]
INFO: [ app_end ] --START--
INFO: Run Behavior\ShowPageTraceBehavior [ RunTime:0.001008s ]
INFO: [ app_end ] --END-- [ RunTime:0.001108s ]

[ 2016-12-19T16:53:30+08:00 ] 127.0.0.1 /FS/index.php/Home/Teacher/showMessage
INFO: [ app_init ] --START--
INFO: Run Behavior\BuildLiteBehavior [ RunTime:0.000015s ]
INFO: [ app_init ] --END-- [ RunTime:0.000354s ]
INFO: [ app_begin ] --START--
INFO: Run Behavior\ReadHtmlCacheBehavior [ RunTime:0.000578s ]
INFO: [ app_begin ] --END-- [ RunTime:0.000650s ]
SQL: SHOW COLUMNS FROM `student` [ RunTime:0.0048s ]
SQL: SELECT * FROM `student` WHERE ( realname='李小明' )  [ RunTime:0.0006s ]
SQL: SHOW COLUMNS FROM `message_board` [ RunTime:0.0047s ]
SQL: SELECT COUNT(*) AS tp_count FROM `message_board` LIMIT 1   [ RunTime:0.0003s ]
NOTIC: [2] Missing argument 1 for Think\Model::join(), called in E:\WebServer\wwwroot\FS\Application\Home\Controller\TeacherController.class.php on line 209 and defined E:\WebServer\wwwroot\FS\ThinkPHP\Library\Think\Model.class.php 第 1664 行.
NOTIC: [8] Undefined variable: join E:\WebServer\wwwroot\FS\ThinkPHP\Library\Think\Model.class.php 第 1666 行.
SQL: SELECT * FROM `message_board` WHERE ( student_id='2016011101' ) ORDER BY parenttime asc LIMIT 0,1   [ RunTime:0.0004s ]
INFO: [ app_end ] --START--
INFO: Run Behavior\ShowPageTraceBehavior [ RunTime:0.000489s ]
INFO: [ app_end ] --END-- [ RunTime:0.000546s ]

