[ 2016-11-21T14:43:57+08:00 ] 127.0.0.1 /FS/index.php
INFO: [ app_init ] --START--
INFO: Run Behavior\BuildLiteBehavior [ RunTime:0.000017s ]
INFO: [ app_init ] --END-- [ RunTime:0.000482s ]
INFO: [ app_begin ] --START--
INFO: Run Behavior\ReadHtmlCacheBehavior [ RunTime:0.000597s ]
INFO: [ app_begin ] --END-- [ RunTime:0.000654s ]
NOTIC: [2] Missing argument 1 for Think\Controller::show(), called in D:\apache\apache2.2\htdocs\FS\Application\Home\Controller\IndexController.class.php on line 6 and defined D:\apache\apache2.2\htdocs\FS\ThinkPHP\Library\Think\Controller.class.php 第 68 行.
NOTIC: [8] Undefined variable: content D:\apache\apache2.2\htdocs\FS\ThinkPHP\Library\Think\Controller.class.php 第 69 行.
ERR: 模板不存在:./Application/Home/View/Index/index.html

[ 2016-11-21T15:13:30+08:00 ] 127.0.0.1 /FS/index.php
INFO: [ app_init ] --START--
INFO: Run Behavior\BuildLiteBehavior [ RunTime:0.000023s ]
INFO: [ app_init ] --END-- [ RunTime:0.000618s ]
INFO: [ app_begin ] --START--
INFO: Run Behavior\ReadHtmlCacheBehavior [ RunTime:0.000678s ]
INFO: [ app_begin ] --END-- [ RunTime:0.000761s ]
NOTIC: [2] Missing argument 1 for Think\Controller::show(), called in D:\apache\apache2.2\htdocs\FS\Application\Home\Controller\IndexController.class.php on line 6 and defined D:\apache\apache2.2\htdocs\FS\ThinkPHP\Library\Think\Controller.class.php 第 68 行.
NOTIC: [8] Undefined variable: content D:\apache\apache2.2\htdocs\FS\ThinkPHP\Library\Think\Controller.class.php 第 69 行.
ERR: 模板不存在:./Application/Home/View/Index/index.html

[ 2016-11-21T15:15:40+08:00 ] 127.0.0.1 /FS/index.php
INFO: [ app_init ] --START--
INFO: Run Behavior\BuildLiteBehavior [ RunTime:0.000018s ]
INFO: [ app_init ] --END-- [ RunTime:0.000549s ]
INFO: [ app_begin ] --START--
INFO: Run Behavior\ReadHtmlCacheBehavior [ RunTime:0.000568s ]
INFO: [ app_begin ] --END-- [ RunTime:0.000622s ]
NOTIC: [2] Missing argument 1 for Think\Controller::show(), called in D:\apache\apache2.2\htdocs\FS\Application\Home\Controller\IndexController.class.php on line 6 and defined D:\apache\apache2.2\htdocs\FS\ThinkPHP\Library\Think\Controller.class.php 第 68 行.
NOTIC: [8] Undefined variable: content D:\apache\apache2.2\htdocs\FS\ThinkPHP\Library\Think\Controller.class.php 第 69 行.
ERR: 模板不存在:./Application/Home/View/Index/index.html

